{"/Users/tanmaykhandelwal/codes/E-commerce-Website/backend/server.js": {"path":"/Users/tanmaykhandelwal/codes/E-commerce-Website/backend/server.js","statementMap":{"0":{"start":{"line":20,"column":12},"end":{"line":20,"column":21}},"1":{"start":{"line":21,"column":13},"end":{"line":21,"column":37}},"2":{"start":{"line":22,"column":0},"end":{"line":25,"column":1}},"3":{"start":{"line":23,"column":2},"end":{"line":23,"column":14}},"4":{"start":{"line":24,"column":2},"end":{"line":24,"column":22}},"5":{"start":{"line":28,"column":0},"end":{"line":28,"column":16}},"6":{"start":{"line":29,"column":0},"end":{"line":29,"column":24}},"7":{"start":{"line":32,"column":0},"end":{"line":32,"column":33}},"8":{"start":{"line":33,"column":0},"end":{"line":33,"column":39}},"9":{"start":{"line":34,"column":0},"end":{"line":34,"column":33}},"10":{"start":{"line":35,"column":0},"end":{"line":35,"column":35}},"11":{"start":{"line":36,"column":0},"end":{"line":36,"column":37}},"12":{"start":{"line":37,"column":0},"end":{"line":37,"column":37}},"13":{"start":{"line":38,"column":0},"end":{"line":38,"column":31}},"14":{"start":{"line":39,"column":0},"end":{"line":39,"column":39}},"15":{"start":{"line":42,"column":0},"end":{"line":44,"column":3}},"16":{"start":{"line":43,"column":4},"end":{"line":43,"column":28}},"17":{"start":{"line":47,"column":15},"end":{"line":47,"column":37}},"18":{"start":{"line":48,"column":11},"end":{"line":48,"column":56}},"19":{"start":{"line":59,"column":29},"end":{"line":86,"column":1}},"20":{"start":{"line":60,"column":21},"end":{"line":60,"column":38}},"21":{"start":{"line":63,"column":23},"end":{"line":65,"column":5}},"22":{"start":{"line":64,"column":8},"end":{"line":64,"column":70}},"23":{"start":{"line":64,"column":34},"end":{"line":64,"column":69}},"24":{"start":{"line":66,"column":4},"end":{"line":66,"column":70}},"25":{"start":{"line":66,"column":20},"end":{"line":66,"column":70}},"26":{"start":{"line":69,"column":27},"end":{"line":71,"column":6}},"27":{"start":{"line":72,"column":4},"end":{"line":83,"column":5}},"28":{"start":{"line":73,"column":8},"end":{"line":82,"column":10}},"29":{"start":{"line":85,"column":4},"end":{"line":85,"column":79}},"30":{"start":{"line":87,"column":28},"end":{"line":103,"column":1}},"31":{"start":{"line":89,"column":24},"end":{"line":91,"column":5}},"32":{"start":{"line":90,"column":17},"end":{"line":90,"column":80}},"33":{"start":{"line":94,"column":4},"end":{"line":97,"column":5}},"34":{"start":{"line":95,"column":8},"end":{"line":95,"column":28}},"35":{"start":{"line":96,"column":8},"end":{"line":96,"column":68}},"36":{"start":{"line":96,"column":45},"end":{"line":96,"column":66}},"37":{"start":{"line":100,"column":26},"end":{"line":100,"column":78}},"38":{"start":{"line":100,"column":65},"end":{"line":100,"column":77}},"39":{"start":{"line":102,"column":4},"end":{"line":102,"column":25}},"40":{"start":{"line":105,"column":0},"end":{"line":134,"column":3}},"41":{"start":{"line":106,"column":4},"end":{"line":133,"column":7}},"42":{"start":{"line":107,"column":8},"end":{"line":132,"column":9}},"43":{"start":{"line":108,"column":25},"end":{"line":108,"column":56}},"44":{"start":{"line":110,"column":12},"end":{"line":125,"column":13}},"45":{"start":{"line":111,"column":41},"end":{"line":114,"column":43}},"46":{"start":{"line":112,"column":35},"end":{"line":112,"column":59}},"47":{"start":{"line":114,"column":32},"end":{"line":114,"column":42}},"48":{"start":{"line":115,"column":16},"end":{"line":119,"column":19}},"49":{"start":{"line":120,"column":19},"end":{"line":125,"column":13}},"50":{"start":{"line":121,"column":16},"end":{"line":124,"column":19}},"51":{"start":{"line":127,"column":12},"end":{"line":127,"column":29}},"52":{"start":{"line":128,"column":12},"end":{"line":131,"column":15}},"53":{"start":{"line":138,"column":0},"end":{"line":140,"column":1}},"54":{"start":{"line":139,"column":2},"end":{"line":139,"column":78}},"55":{"start":{"line":139,"column":28},"end":{"line":139,"column":76}}},"fnMap":{"0":{"name":"(anonymous_0)","decl":{"start":{"line":42,"column":13},"end":{"line":42,"column":14}},"loc":{"start":{"line":42,"column":27},"end":{"line":44,"column":1}},"line":42},"1":{"name":"(anonymous_1)","decl":{"start":{"line":59,"column":29},"end":{"line":59,"column":30}},"loc":{"start":{"line":59,"column":44},"end":{"line":86,"column":1}},"line":59},"2":{"name":"(anonymous_2)","decl":{"start":{"line":63,"column":33},"end":{"line":63,"column":34}},"loc":{"start":{"line":64,"column":8},"end":{"line":64,"column":70}},"line":64},"3":{"name":"(anonymous_3)","decl":{"start":{"line":64,"column":26},"end":{"line":64,"column":27}},"loc":{"start":{"line":64,"column":34},"end":{"line":64,"column":69}},"line":64},"4":{"name":"(anonymous_4)","decl":{"start":{"line":87,"column":28},"end":{"line":87,"column":29}},"loc":{"start":{"line":87,"column":61},"end":{"line":103,"column":1}},"line":87},"5":{"name":"(anonymous_5)","decl":{"start":{"line":90,"column":8},"end":{"line":90,"column":9}},"loc":{"start":{"line":90,"column":17},"end":{"line":90,"column":80}},"line":90},"6":{"name":"(anonymous_6)","decl":{"start":{"line":96,"column":36},"end":{"line":96,"column":37}},"loc":{"start":{"line":96,"column":45},"end":{"line":96,"column":66}},"line":96},"7":{"name":"(anonymous_7)","decl":{"start":{"line":100,"column":56},"end":{"line":100,"column":57}},"loc":{"start":{"line":100,"column":65},"end":{"line":100,"column":77}},"line":100},"8":{"name":"(anonymous_8)","decl":{"start":{"line":105,"column":20},"end":{"line":105,"column":21}},"loc":{"start":{"line":105,"column":32},"end":{"line":134,"column":1}},"line":105},"9":{"name":"(anonymous_9)","decl":{"start":{"line":106,"column":30},"end":{"line":106,"column":31}},"loc":{"start":{"line":106,"column":45},"end":{"line":133,"column":5}},"line":106},"10":{"name":"(anonymous_10)","decl":{"start":{"line":112,"column":28},"end":{"line":112,"column":29}},"loc":{"start":{"line":112,"column":35},"end":{"line":112,"column":59}},"line":112},"11":{"name":"(anonymous_11)","decl":{"start":{"line":114,"column":25},"end":{"line":114,"column":26}},"loc":{"start":{"line":114,"column":32},"end":{"line":114,"column":42}},"line":114},"12":{"name":"(anonymous_12)","decl":{"start":{"line":139,"column":22},"end":{"line":139,"column":23}},"loc":{"start":{"line":139,"column":28},"end":{"line":139,"column":76}},"line":139}},"branchMap":{"0":{"loc":{"start":{"line":21,"column":13},"end":{"line":21,"column":37}},"type":"binary-expr","locations":[{"start":{"line":21,"column":13},"end":{"line":21,"column":29}},{"start":{"line":21,"column":33},"end":{"line":21,"column":37}}],"line":21},"1":{"loc":{"start":{"line":22,"column":0},"end":{"line":25,"column":1}},"type":"if","locations":[{"start":{"line":22,"column":0},"end":{"line":25,"column":1}},{"start":{},"end":{}}],"line":22},"2":{"loc":{"start":{"line":66,"column":4},"end":{"line":66,"column":70}},"type":"if","locations":[{"start":{"line":66,"column":4},"end":{"line":66,"column":70}},{"start":{},"end":{}}],"line":66},"3":{"loc":{"start":{"line":72,"column":4},"end":{"line":83,"column":5}},"type":"if","locations":[{"start":{"line":72,"column":4},"end":{"line":83,"column":5}},{"start":{},"end":{}}],"line":72},"4":{"loc":{"start":{"line":87,"column":37},"end":{"line":87,"column":56}},"type":"default-arg","locations":[{"start":{"line":87,"column":54},"end":{"line":87,"column":56}}],"line":87},"5":{"loc":{"start":{"line":90,"column":17},"end":{"line":90,"column":80}},"type":"binary-expr","locations":[{"start":{"line":90,"column":17},"end":{"line":90,"column":38}},{"start":{"line":90,"column":42},"end":{"line":90,"column":80}}],"line":90},"6":{"loc":{"start":{"line":94,"column":4},"end":{"line":97,"column":5}},"type":"if","locations":[{"start":{"line":94,"column":4},"end":{"line":97,"column":5}},{"start":{},"end":{}}],"line":94},"7":{"loc":{"start":{"line":110,"column":12},"end":{"line":125,"column":13}},"type":"if","locations":[{"start":{"line":110,"column":12},"end":{"line":125,"column":13}},{"start":{"line":120,"column":19},"end":{"line":125,"column":13}}],"line":110},"8":{"loc":{"start":{"line":120,"column":19},"end":{"line":125,"column":13}},"type":"if","locations":[{"start":{"line":120,"column":19},"end":{"line":125,"column":13}},{"start":{},"end":{}}],"line":120},"9":{"loc":{"start":{"line":138,"column":0},"end":{"line":140,"column":1}},"type":"if","locations":[{"start":{"line":138,"column":0},"end":{"line":140,"column":1}},{"start":{},"end":{}}],"line":138}},"s":{"0":4,"1":4,"2":4,"3":0,"4":0,"5":4,"6":4,"7":4,"8":4,"9":4,"10":4,"11":4,"12":4,"13":4,"14":4,"15":4,"16":1,"17":4,"18":4,"19":4,"20":0,"21":0,"22":0,"23":0,"24":0,"25":0,"26":0,"27":0,"28":0,"29":0,"30":4,"31":0,"32":0,"33":0,"34":0,"35":0,"36":0,"37":0,"38":0,"39":0,"40":4,"41":0,"42":0,"43":0,"44":0,"45":0,"46":0,"47":0,"48":0,"49":0,"50":0,"51":0,"52":0,"53":4,"54":0,"55":0},"f":{"0":1,"1":0,"2":0,"3":0,"4":0,"5":0,"6":0,"7":0,"8":0,"9":0,"10":0,"11":0,"12":0},"b":{"0":[4,4],"1":[0,4],"2":[0,0],"3":[0,0],"4":[0],"5":[0,0],"6":[0,0],"7":[0,0],"8":[0,0],"9":[0,4]},"_coverageSchema":"1a1c01bbd47fc00a2c39e90264f33305004495a9","hash":"43ac477ea2ec0d8ddaf69dd05580f759e812cbe7"}
,"/Users/tanmaykhandelwal/codes/E-commerce-Website/backend/config/cloudinary.js": {"path":"/Users/tanmaykhandelwal/codes/E-commerce-Website/backend/config/cloudinary.js","statementMap":{"0":{"start":{"line":3,"column":26},"end":{"line":9,"column":1}},"1":{"start":{"line":4,"column":4},"end":{"line":8,"column":6}}},"fnMap":{"0":{"name":"(anonymous_0)","decl":{"start":{"line":3,"column":26},"end":{"line":3,"column":27}},"loc":{"start":{"line":3,"column":38},"end":{"line":9,"column":1}},"line":3}},"branchMap":{},"s":{"0":4,"1":0},"f":{"0":0},"b":{},"_coverageSchema":"1a1c01bbd47fc00a2c39e90264f33305004495a9","hash":"27a522119e4f91f3eb5f87ed06c60d528bc187c7"}
,"/Users/tanmaykhandelwal/codes/E-commerce-Website/backend/config/mongodb.js": {"path":"/Users/tanmaykhandelwal/codes/E-commerce-Website/backend/config/mongodb.js","statementMap":{"0":{"start":{"line":3,"column":0},"end":{"line":3,"column":16}},"1":{"start":{"line":5,"column":18},"end":{"line":20,"column":1}},"2":{"start":{"line":6,"column":4},"end":{"line":8,"column":7}},"3":{"start":{"line":7,"column":8},"end":{"line":7,"column":43}},"4":{"start":{"line":10,"column":4},"end":{"line":12,"column":7}},"5":{"start":{"line":11,"column":8},"end":{"line":11,"column":56}},"6":{"start":{"line":14,"column":4},"end":{"line":19,"column":5}},"7":{"start":{"line":15,"column":8},"end":{"line":15,"column":56}},"8":{"start":{"line":17,"column":8},"end":{"line":17,"column":62}},"9":{"start":{"line":18,"column":8},"end":{"line":18,"column":24}}},"fnMap":{"0":{"name":"(anonymous_0)","decl":{"start":{"line":5,"column":18},"end":{"line":5,"column":19}},"loc":{"start":{"line":5,"column":30},"end":{"line":20,"column":1}},"line":5},"1":{"name":"(anonymous_1)","decl":{"start":{"line":6,"column":40},"end":{"line":6,"column":41}},"loc":{"start":{"line":6,"column":46},"end":{"line":8,"column":5}},"line":6},"2":{"name":"(anonymous_2)","decl":{"start":{"line":10,"column":36},"end":{"line":10,"column":37}},"loc":{"start":{"line":10,"column":45},"end":{"line":12,"column":5}},"line":10}},"branchMap":{},"s":{"0":4,"1":4,"2":0,"3":0,"4":0,"5":0,"6":0,"7":0,"8":0,"9":0},"f":{"0":0,"1":0,"2":0},"b":{},"_coverageSchema":"1a1c01bbd47fc00a2c39e90264f33305004495a9","hash":"c530e15a6cf86a0063e38c61ed2d3b5d3adfd96e"}
,"/Users/tanmaykhandelwal/codes/E-commerce-Website/backend/controllers/cartController.js": {"path":"/Users/tanmaykhandelwal/codes/E-commerce-Website/backend/controllers/cartController.js","statementMap":{"0":{"start":{"line":86,"column":18},"end":{"line":121,"column":1}},"1":{"start":{"line":87,"column":4},"end":{"line":120,"column":5}},"2":{"start":{"line":88,"column":40},"end":{"line":88,"column":48}},"3":{"start":{"line":89,"column":23},"end":{"line":89,"column":34}},"4":{"start":{"line":91,"column":19},"end":{"line":91,"column":51}},"5":{"start":{"line":92,"column":8},"end":{"line":96,"column":9}},"6":{"start":{"line":93,"column":12},"end":{"line":95,"column":69}},"7":{"start":{"line":98,"column":23},"end":{"line":98,"column":42}},"8":{"start":{"line":100,"column":8},"end":{"line":100,"column":53}},"9":{"start":{"line":100,"column":31},"end":{"line":100,"column":53}},"10":{"start":{"line":101,"column":8},"end":{"line":101,"column":65}},"11":{"start":{"line":101,"column":37},"end":{"line":101,"column":65}},"12":{"start":{"line":102,"column":8},"end":{"line":103,"column":53}},"13":{"start":{"line":105,"column":8},"end":{"line":105,"column":33}},"14":{"start":{"line":108,"column":8},"end":{"line":108,"column":38}},"15":{"start":{"line":110,"column":8},"end":{"line":110,"column":26}},"16":{"start":{"line":112,"column":8},"end":{"line":116,"column":11}},"17":{"start":{"line":118,"column":8},"end":{"line":118,"column":29}},"18":{"start":{"line":119,"column":8},"end":{"line":119,"column":74}},"19":{"start":{"line":124,"column":19},"end":{"line":162,"column":1}},"20":{"start":{"line":125,"column":4},"end":{"line":161,"column":5}},"21":{"start":{"line":126,"column":50},"end":{"line":126,"column":58}},"22":{"start":{"line":127,"column":23},"end":{"line":127,"column":34}},"23":{"start":{"line":129,"column":19},"end":{"line":129,"column":51}},"24":{"start":{"line":130,"column":8},"end":{"line":134,"column":9}},"25":{"start":{"line":131,"column":12},"end":{"line":133,"column":69}},"26":{"start":{"line":136,"column":23},"end":{"line":136,"column":42}},"27":{"start":{"line":138,"column":8},"end":{"line":144,"column":9}},"28":{"start":{"line":143,"column":12},"end":{"line":143,"column":53}},"29":{"start":{"line":146,"column":8},"end":{"line":146,"column":33}},"30":{"start":{"line":149,"column":8},"end":{"line":149,"column":38}},"31":{"start":{"line":151,"column":8},"end":{"line":151,"column":26}},"32":{"start":{"line":153,"column":8},"end":{"line":157,"column":11}},"33":{"start":{"line":159,"column":8},"end":{"line":159,"column":29}},"34":{"start":{"line":160,"column":8},"end":{"line":160,"column":74}},"35":{"start":{"line":165,"column":20},"end":{"line":180,"column":1}},"36":{"start":{"line":166,"column":4},"end":{"line":179,"column":5}},"37":{"start":{"line":167,"column":23},"end":{"line":167,"column":34}},"38":{"start":{"line":168,"column":21},"end":{"line":168,"column":53}},"39":{"start":{"line":170,"column":8},"end":{"line":174,"column":9}},"40":{"start":{"line":171,"column":12},"end":{"line":173,"column":69}},"41":{"start":{"line":176,"column":8},"end":{"line":176,"column":67}},"42":{"start":{"line":178,"column":8},"end":{"line":178,"column":73}}},"fnMap":{"0":{"name":"(anonymous_0)","decl":{"start":{"line":86,"column":18},"end":{"line":86,"column":19}},"loc":{"start":{"line":86,"column":38},"end":{"line":121,"column":1}},"line":86},"1":{"name":"(anonymous_1)","decl":{"start":{"line":124,"column":19},"end":{"line":124,"column":20}},"loc":{"start":{"line":124,"column":39},"end":{"line":162,"column":1}},"line":124},"2":{"name":"(anonymous_2)","decl":{"start":{"line":165,"column":20},"end":{"line":165,"column":21}},"loc":{"start":{"line":165,"column":40},"end":{"line":180,"column":1}},"line":165}},"branchMap":{"0":{"loc":{"start":{"line":92,"column":8},"end":{"line":96,"column":9}},"type":"if","locations":[{"start":{"line":92,"column":8},"end":{"line":96,"column":9}},{"start":{},"end":{}}],"line":92},"1":{"loc":{"start":{"line":98,"column":23},"end":{"line":98,"column":42}},"type":"binary-expr","locations":[{"start":{"line":98,"column":23},"end":{"line":98,"column":36}},{"start":{"line":98,"column":40},"end":{"line":98,"column":42}}],"line":98},"2":{"loc":{"start":{"line":100,"column":8},"end":{"line":100,"column":53}},"type":"if","locations":[{"start":{"line":100,"column":8},"end":{"line":100,"column":53}},{"start":{},"end":{}}],"line":100},"3":{"loc":{"start":{"line":101,"column":8},"end":{"line":101,"column":65}},"type":"if","locations":[{"start":{"line":101,"column":8},"end":{"line":101,"column":65}},{"start":{},"end":{}}],"line":101},"4":{"loc":{"start":{"line":103,"column":13},"end":{"line":103,"column":47}},"type":"binary-expr","locations":[{"start":{"line":103,"column":13},"end":{"line":103,"column":42}},{"start":{"line":103,"column":46},"end":{"line":103,"column":47}}],"line":103},"5":{"loc":{"start":{"line":130,"column":8},"end":{"line":134,"column":9}},"type":"if","locations":[{"start":{"line":130,"column":8},"end":{"line":134,"column":9}},{"start":{},"end":{}}],"line":130},"6":{"loc":{"start":{"line":136,"column":23},"end":{"line":136,"column":42}},"type":"binary-expr","locations":[{"start":{"line":136,"column":23},"end":{"line":136,"column":36}},{"start":{"line":136,"column":40},"end":{"line":136,"column":42}}],"line":136},"7":{"loc":{"start":{"line":138,"column":8},"end":{"line":144,"column":9}},"type":"if","locations":[{"start":{"line":138,"column":8},"end":{"line":144,"column":9}},{"start":{},"end":{}}],"line":138},"8":{"loc":{"start":{"line":139,"column":12},"end":{"line":141,"column":55}},"type":"binary-expr","locations":[{"start":{"line":139,"column":12},"end":{"line":139,"column":28}},{"start":{"line":140,"column":12},"end":{"line":140,"column":34}},{"start":{"line":141,"column":12},"end":{"line":141,"column":55}}],"line":139},"9":{"loc":{"start":{"line":170,"column":8},"end":{"line":174,"column":9}},"type":"if","locations":[{"start":{"line":170,"column":8},"end":{"line":174,"column":9}},{"start":{},"end":{}}],"line":170},"10":{"loc":{"start":{"line":176,"column":44},"end":{"line":176,"column":63}},"type":"binary-expr","locations":[{"start":{"line":176,"column":44},"end":{"line":176,"column":57}},{"start":{"line":176,"column":61},"end":{"line":176,"column":63}}],"line":176}},"s":{"0":3,"1":0,"2":0,"3":0,"4":0,"5":0,"6":0,"7":0,"8":0,"9":0,"10":0,"11":0,"12":0,"13":0,"14":0,"15":0,"16":0,"17":0,"18":0,"19":3,"20":0,"21":0,"22":0,"23":0,"24":0,"25":0,"26":0,"27":0,"28":0,"29":0,"30":0,"31":0,"32":0,"33":0,"34":0,"35":3,"36":0,"37":0,"38":0,"39":0,"40":0,"41":0,"42":0},"f":{"0":0,"1":0,"2":0},"b":{"0":[0,0],"1":[0,0],"2":[0,0],"3":[0,0],"4":[0,0],"5":[0,0],"6":[0,0],"7":[0,0],"8":[0,0,0],"9":[0,0],"10":[0,0]},"_coverageSchema":"1a1c01bbd47fc00a2c39e90264f33305004495a9","hash":"81a587d09bfa7fadbf4f70a4710faa5442620f96"}
,"/Users/tanmaykhandelwal/codes/E-commerce-Website/backend/controllers/contactController.js": {"path":"/Users/tanmaykhandelwal/codes/E-commerce-Website/backend/controllers/contactController.js","statementMap":{"0":{"start":{"line":4,"column":22},"end":{"line":28,"column":1}},"1":{"start":{"line":5,"column":4},"end":{"line":27,"column":5}},"2":{"start":{"line":6,"column":50},"end":{"line":6,"column":58}},"3":{"start":{"line":7,"column":8},"end":{"line":11,"column":9}},"4":{"start":{"line":8,"column":12},"end":{"line":10,"column":78}},"5":{"start":{"line":13,"column":27},"end":{"line":18,"column":10}},"6":{"start":{"line":19,"column":8},"end":{"line":23,"column":11}},"7":{"start":{"line":25,"column":8},"end":{"line":25,"column":29}},"8":{"start":{"line":26,"column":8},"end":{"line":26,"column":74}},"9":{"start":{"line":31,"column":20},"end":{"line":39,"column":1}},"10":{"start":{"line":32,"column":4},"end":{"line":38,"column":5}},"11":{"start":{"line":33,"column":25},"end":{"line":33,"column":69}},"12":{"start":{"line":34,"column":8},"end":{"line":34,"column":64}},"13":{"start":{"line":36,"column":8},"end":{"line":36,"column":29}},"14":{"start":{"line":37,"column":8},"end":{"line":37,"column":74}}},"fnMap":{"0":{"name":"(anonymous_0)","decl":{"start":{"line":4,"column":22},"end":{"line":4,"column":23}},"loc":{"start":{"line":4,"column":42},"end":{"line":28,"column":1}},"line":4},"1":{"name":"(anonymous_1)","decl":{"start":{"line":31,"column":20},"end":{"line":31,"column":21}},"loc":{"start":{"line":31,"column":40},"end":{"line":39,"column":1}},"line":31}},"branchMap":{"0":{"loc":{"start":{"line":7,"column":8},"end":{"line":11,"column":9}},"type":"if","locations":[{"start":{"line":7,"column":8},"end":{"line":11,"column":9}},{"start":{},"end":{}}],"line":7},"1":{"loc":{"start":{"line":7,"column":12},"end":{"line":7,"column":51}},"type":"binary-expr","locations":[{"start":{"line":7,"column":12},"end":{"line":7,"column":17}},{"start":{"line":7,"column":21},"end":{"line":7,"column":27}},{"start":{"line":7,"column":31},"end":{"line":7,"column":39}},{"start":{"line":7,"column":43},"end":{"line":7,"column":51}}],"line":7}},"s":{"0":4,"1":0,"2":0,"3":0,"4":0,"5":0,"6":0,"7":0,"8":0,"9":4,"10":0,"11":0,"12":0,"13":0,"14":0},"f":{"0":0,"1":0},"b":{"0":[0,0],"1":[0,0,0,0]},"_coverageSchema":"1a1c01bbd47fc00a2c39e90264f33305004495a9","hash":"a67b984580a8c6f170930870a56fce2de681d320"}
,"/Users/tanmaykhandelwal/codes/E-commerce-Website/backend/controllers/faqController.js": {"path":"/Users/tanmaykhandelwal/codes/E-commerce-Website/backend/controllers/faqController.js","statementMap":{"0":{"start":{"line":3,"column":23},"end":{"line":23,"column":1}},"1":{"start":{"line":4,"column":24},"end":{"line":4,"column":32}},"2":{"start":{"line":5,"column":4},"end":{"line":6,"column":75}},"3":{"start":{"line":6,"column":8},"end":{"line":6,"column":75}},"4":{"start":{"line":8,"column":21},"end":{"line":8,"column":42}},"5":{"start":{"line":11,"column":23},"end":{"line":13,"column":5}},"6":{"start":{"line":12,"column":8},"end":{"line":12,"column":70}},"7":{"start":{"line":12,"column":34},"end":{"line":12,"column":69}},"8":{"start":{"line":15,"column":4},"end":{"line":22,"column":5}},"9":{"start":{"line":16,"column":8},"end":{"line":16,"column":70}},"10":{"start":{"line":18,"column":8},"end":{"line":21,"column":11}}},"fnMap":{"0":{"name":"(anonymous_0)","decl":{"start":{"line":3,"column":23},"end":{"line":3,"column":24}},"loc":{"start":{"line":3,"column":37},"end":{"line":23,"column":1}},"line":3},"1":{"name":"(anonymous_1)","decl":{"start":{"line":11,"column":33},"end":{"line":11,"column":34}},"loc":{"start":{"line":12,"column":8},"end":{"line":12,"column":70}},"line":12},"2":{"name":"(anonymous_2)","decl":{"start":{"line":12,"column":26},"end":{"line":12,"column":27}},"loc":{"start":{"line":12,"column":34},"end":{"line":12,"column":69}},"line":12}},"branchMap":{"0":{"loc":{"start":{"line":5,"column":4},"end":{"line":6,"column":75}},"type":"if","locations":[{"start":{"line":5,"column":4},"end":{"line":6,"column":75}},{"start":{},"end":{}}],"line":5},"1":{"loc":{"start":{"line":15,"column":4},"end":{"line":22,"column":5}},"type":"if","locations":[{"start":{"line":15,"column":4},"end":{"line":22,"column":5}},{"start":{"line":17,"column":11},"end":{"line":22,"column":5}}],"line":15}},"s":{"0":4,"1":0,"2":0,"3":0,"4":0,"5":0,"6":0,"7":0,"8":0,"9":0,"10":0},"f":{"0":0,"1":0,"2":0},"b":{"0":[0,0],"1":[0,0]},"_coverageSchema":"1a1c01bbd47fc00a2c39e90264f33305004495a9","hash":"1512cf090f298e6a2bfc86a5b537cca782c84663"}
,"/Users/tanmaykhandelwal/codes/E-commerce-Website/backend/controllers/orderController.js": {"path":"/Users/tanmaykhandelwal/codes/E-commerce-Website/backend/controllers/orderController.js","statementMap":{"0":{"start":{"line":10,"column":17},"end":{"line":10,"column":22}},"1":{"start":{"line":11,"column":24},"end":{"line":11,"column":26}},"2":{"start":{"line":14,"column":15},"end":{"line":14,"column":56}},"3":{"start":{"line":15,"column":25},"end":{"line":18,"column":2}},"4":{"start":{"line":48,"column":19},"end":{"line":86,"column":1}},"5":{"start":{"line":49,"column":4},"end":{"line":85,"column":5}},"6":{"start":{"line":50,"column":43},"end":{"line":50,"column":51}},"7":{"start":{"line":51,"column":23},"end":{"line":51,"column":34}},"8":{"start":{"line":53,"column":21},"end":{"line":53,"column":53}},"9":{"start":{"line":56,"column":26},"end":{"line":56,"column":32}},"10":{"start":{"line":57,"column":8},"end":{"line":61,"column":9}},"11":{"start":{"line":58,"column":12},"end":{"line":58,"column":51}},"12":{"start":{"line":59,"column":12},"end":{"line":59,"column":43}},"13":{"start":{"line":60,"column":12},"end":{"line":60,"column":30}},"14":{"start":{"line":63,"column":26},"end":{"line":71,"column":9}},"15":{"start":{"line":73,"column":25},"end":{"line":73,"column":50}},"16":{"start":{"line":74,"column":8},"end":{"line":74,"column":30}},"17":{"start":{"line":76,"column":8},"end":{"line":76,"column":68}},"18":{"start":{"line":79,"column":8},"end":{"line":79,"column":44}},"19":{"start":{"line":81,"column":8},"end":{"line":81,"column":74}},"20":{"start":{"line":83,"column":8},"end":{"line":83,"column":27}},"21":{"start":{"line":84,"column":8},"end":{"line":84,"column":61}},"22":{"start":{"line":89,"column":27},"end":{"line":136,"column":1}},"23":{"start":{"line":90,"column":4},"end":{"line":135,"column":5}},"24":{"start":{"line":91,"column":56},"end":{"line":91,"column":64}},"25":{"start":{"line":92,"column":23},"end":{"line":92,"column":34}},"26":{"start":{"line":94,"column":26},"end":{"line":102,"column":9}},"27":{"start":{"line":103,"column":25},"end":{"line":103,"column":50}},"28":{"start":{"line":104,"column":8},"end":{"line":104,"column":30}},"29":{"start":{"line":106,"column":27},"end":{"line":113,"column":11}},"30":{"start":{"line":106,"column":48},"end":{"line":113,"column":9}},"31":{"start":{"line":115,"column":8},"end":{"line":122,"column":11}},"32":{"start":{"line":124,"column":24},"end":{"line":129,"column":10}},"33":{"start":{"line":131,"column":8},"end":{"line":131,"column":62}},"34":{"start":{"line":133,"column":8},"end":{"line":133,"column":27}},"35":{"start":{"line":134,"column":8},"end":{"line":134,"column":61}},"36":{"start":{"line":139,"column":21},"end":{"line":161,"column":1}},"37":{"start":{"line":140,"column":33},"end":{"line":140,"column":41}},"38":{"start":{"line":141,"column":19},"end":{"line":141,"column":30}},"39":{"start":{"line":142,"column":22},"end":{"line":142,"column":28}},"40":{"start":{"line":143,"column":4},"end":{"line":147,"column":5}},"41":{"start":{"line":144,"column":8},"end":{"line":144,"column":47}},"42":{"start":{"line":145,"column":8},"end":{"line":145,"column":39}},"43":{"start":{"line":146,"column":8},"end":{"line":146,"column":26}},"44":{"start":{"line":148,"column":4},"end":{"line":160,"column":5}},"45":{"start":{"line":149,"column":8},"end":{"line":156,"column":9}},"46":{"start":{"line":150,"column":12},"end":{"line":150,"column":75}},"47":{"start":{"line":151,"column":12},"end":{"line":151,"column":72}},"48":{"start":{"line":152,"column":12},"end":{"line":152,"column":40}},"49":{"start":{"line":154,"column":12},"end":{"line":154,"column":56}},"50":{"start":{"line":155,"column":12},"end":{"line":155,"column":41}},"51":{"start":{"line":158,"column":8},"end":{"line":158,"column":27}},"52":{"start":{"line":159,"column":8},"end":{"line":159,"column":61}},"53":{"start":{"line":164,"column":27},"end":{"line":204,"column":1}},"54":{"start":{"line":165,"column":4},"end":{"line":203,"column":5}},"55":{"start":{"line":166,"column":43},"end":{"line":166,"column":51}},"56":{"start":{"line":167,"column":23},"end":{"line":167,"column":34}},"57":{"start":{"line":169,"column":26},"end":{"line":169,"column":32}},"58":{"start":{"line":170,"column":8},"end":{"line":174,"column":9}},"59":{"start":{"line":171,"column":12},"end":{"line":171,"column":51}},"60":{"start":{"line":172,"column":12},"end":{"line":172,"column":43}},"61":{"start":{"line":173,"column":12},"end":{"line":173,"column":30}},"62":{"start":{"line":176,"column":26},"end":{"line":184,"column":9}},"63":{"start":{"line":185,"column":25},"end":{"line":185,"column":50}},"64":{"start":{"line":186,"column":8},"end":{"line":186,"column":30}},"65":{"start":{"line":188,"column":24},"end":{"line":192,"column":9}},"66":{"start":{"line":193,"column":8},"end":{"line":199,"column":11}},"67":{"start":{"line":194,"column":12},"end":{"line":197,"column":13}},"68":{"start":{"line":195,"column":16},"end":{"line":195,"column":35}},"69":{"start":{"line":196,"column":16},"end":{"line":196,"column":68}},"70":{"start":{"line":198,"column":12},"end":{"line":198,"column":47}},"71":{"start":{"line":201,"column":8},"end":{"line":201,"column":27}},"72":{"start":{"line":202,"column":8},"end":{"line":202,"column":61}},"73":{"start":{"line":206,"column":23},"end":{"line":249,"column":1}},"74":{"start":{"line":207,"column":4},"end":{"line":248,"column":5}},"75":{"start":{"line":209,"column":12},"end":{"line":209,"column":20}},"76":{"start":{"line":210,"column":23},"end":{"line":210,"column":34}},"77":{"start":{"line":212,"column":26},"end":{"line":212,"column":32}},"78":{"start":{"line":213,"column":8},"end":{"line":217,"column":9}},"79":{"start":{"line":214,"column":12},"end":{"line":214,"column":51}},"80":{"start":{"line":215,"column":12},"end":{"line":215,"column":43}},"81":{"start":{"line":216,"column":12},"end":{"line":216,"column":30}},"82":{"start":{"line":219,"column":27},"end":{"line":219,"column":58}},"83":{"start":{"line":222,"column":21},"end":{"line":222,"column":60}},"84":{"start":{"line":223,"column":8},"end":{"line":223,"column":67}},"85":{"start":{"line":224,"column":35},"end":{"line":224,"column":53}},"86":{"start":{"line":226,"column":8},"end":{"line":244,"column":9}},"87":{"start":{"line":228,"column":30},"end":{"line":230,"column":13}},"88":{"start":{"line":233,"column":12},"end":{"line":235,"column":15}},"89":{"start":{"line":236,"column":12},"end":{"line":236,"column":72}},"90":{"start":{"line":238,"column":12},"end":{"line":238,"column":71}},"91":{"start":{"line":240,"column":12},"end":{"line":243,"column":15}},"92":{"start":{"line":246,"column":8},"end":{"line":246,"column":27}},"93":{"start":{"line":247,"column":8},"end":{"line":247,"column":61}},"94":{"start":{"line":251,"column":20},"end":{"line":289,"column":1}},"95":{"start":{"line":252,"column":4},"end":{"line":288,"column":5}},"96":{"start":{"line":253,"column":36},"end":{"line":253,"column":44}},"97":{"start":{"line":254,"column":23},"end":{"line":254,"column":34}},"98":{"start":{"line":256,"column":22},"end":{"line":256,"column":56}},"99":{"start":{"line":258,"column":8},"end":{"line":260,"column":9}},"100":{"start":{"line":259,"column":12},"end":{"line":259,"column":76}},"101":{"start":{"line":263,"column":8},"end":{"line":265,"column":9}},"102":{"start":{"line":264,"column":12},"end":{"line":264,"column":75}},"103":{"start":{"line":268,"column":8},"end":{"line":273,"column":9}},"104":{"start":{"line":269,"column":12},"end":{"line":272,"column":15}},"105":{"start":{"line":276,"column":8},"end":{"line":276,"column":35}},"106":{"start":{"line":277,"column":8},"end":{"line":277,"column":36}},"107":{"start":{"line":278,"column":8},"end":{"line":280,"column":9}},"108":{"start":{"line":279,"column":12},"end":{"line":279,"column":43}},"109":{"start":{"line":282,"column":8},"end":{"line":282,"column":27}},"110":{"start":{"line":284,"column":8},"end":{"line":284,"column":77}},"111":{"start":{"line":286,"column":8},"end":{"line":286,"column":27}},"112":{"start":{"line":287,"column":8},"end":{"line":287,"column":61}},"113":{"start":{"line":290,"column":22},"end":{"line":325,"column":1}},"114":{"start":{"line":291,"column":4},"end":{"line":324,"column":5}},"115":{"start":{"line":292,"column":28},"end":{"line":298,"column":10}},"116":{"start":{"line":300,"column":28},"end":{"line":319,"column":9}},"117":{"start":{"line":312,"column":29},"end":{"line":312,"column":71}},"118":{"start":{"line":321,"column":8},"end":{"line":321,"column":48}},"119":{"start":{"line":323,"column":8},"end":{"line":323,"column":42}},"120":{"start":{"line":328,"column":18},"end":{"line":336,"column":1}},"121":{"start":{"line":329,"column":4},"end":{"line":335,"column":5}},"122":{"start":{"line":330,"column":23},"end":{"line":330,"column":48}},"123":{"start":{"line":331,"column":8},"end":{"line":331,"column":44}},"124":{"start":{"line":333,"column":8},"end":{"line":333,"column":27}},"125":{"start":{"line":334,"column":8},"end":{"line":334,"column":61}},"126":{"start":{"line":339,"column":18},"end":{"line":348,"column":1}},"127":{"start":{"line":340,"column":4},"end":{"line":347,"column":5}},"128":{"start":{"line":341,"column":23},"end":{"line":341,"column":34}},"129":{"start":{"line":342,"column":23},"end":{"line":342,"column":56}},"130":{"start":{"line":343,"column":8},"end":{"line":343,"column":44}},"131":{"start":{"line":345,"column":8},"end":{"line":345,"column":27}},"132":{"start":{"line":346,"column":8},"end":{"line":346,"column":61}},"133":{"start":{"line":351,"column":21},"end":{"line":361,"column":1}},"134":{"start":{"line":352,"column":4},"end":{"line":360,"column":5}},"135":{"start":{"line":353,"column":36},"end":{"line":353,"column":44}},"136":{"start":{"line":355,"column":8},"end":{"line":355,"column":64}},"137":{"start":{"line":356,"column":8},"end":{"line":356,"column":63}},"138":{"start":{"line":358,"column":8},"end":{"line":358,"column":27}},"139":{"start":{"line":359,"column":8},"end":{"line":359,"column":61}}},"fnMap":{"0":{"name":"(anonymous_0)","decl":{"start":{"line":48,"column":19},"end":{"line":48,"column":20}},"loc":{"start":{"line":48,"column":39},"end":{"line":86,"column":1}},"line":48},"1":{"name":"(anonymous_1)","decl":{"start":{"line":89,"column":27},"end":{"line":89,"column":28}},"loc":{"start":{"line":89,"column":47},"end":{"line":136,"column":1}},"line":89},"2":{"name":"(anonymous_2)","decl":{"start":{"line":106,"column":37},"end":{"line":106,"column":38}},"loc":{"start":{"line":106,"column":48},"end":{"line":113,"column":9}},"line":106},"3":{"name":"(anonymous_3)","decl":{"start":{"line":139,"column":21},"end":{"line":139,"column":22}},"loc":{"start":{"line":139,"column":41},"end":{"line":161,"column":1}},"line":139},"4":{"name":"(anonymous_4)","decl":{"start":{"line":164,"column":27},"end":{"line":164,"column":28}},"loc":{"start":{"line":164,"column":47},"end":{"line":204,"column":1}},"line":164},"5":{"name":"(anonymous_5)","decl":{"start":{"line":193,"column":54},"end":{"line":193,"column":55}},"loc":{"start":{"line":193,"column":72},"end":{"line":199,"column":9}},"line":193},"6":{"name":"(anonymous_6)","decl":{"start":{"line":206,"column":23},"end":{"line":206,"column":24}},"loc":{"start":{"line":206,"column":43},"end":{"line":249,"column":1}},"line":206},"7":{"name":"(anonymous_7)","decl":{"start":{"line":251,"column":20},"end":{"line":251,"column":21}},"loc":{"start":{"line":251,"column":40},"end":{"line":289,"column":1}},"line":251},"8":{"name":"(anonymous_8)","decl":{"start":{"line":290,"column":22},"end":{"line":290,"column":23}},"loc":{"start":{"line":290,"column":45},"end":{"line":325,"column":1}},"line":290},"9":{"name":"(anonymous_9)","decl":{"start":{"line":312,"column":19},"end":{"line":312,"column":20}},"loc":{"start":{"line":312,"column":29},"end":{"line":312,"column":71}},"line":312},"10":{"name":"(anonymous_10)","decl":{"start":{"line":328,"column":18},"end":{"line":328,"column":19}},"loc":{"start":{"line":328,"column":38},"end":{"line":336,"column":1}},"line":328},"11":{"name":"(anonymous_11)","decl":{"start":{"line":339,"column":18},"end":{"line":339,"column":19}},"loc":{"start":{"line":339,"column":38},"end":{"line":348,"column":1}},"line":339},"12":{"name":"(anonymous_12)","decl":{"start":{"line":351,"column":21},"end":{"line":351,"column":22}},"loc":{"start":{"line":351,"column":41},"end":{"line":361,"column":1}},"line":351}},"branchMap":{"0":{"loc":{"start":{"line":57,"column":8},"end":{"line":61,"column":9}},"type":"if","locations":[{"start":{"line":57,"column":8},"end":{"line":61,"column":9}},{"start":{},"end":{}}],"line":57},"1":{"loc":{"start":{"line":143,"column":4},"end":{"line":147,"column":5}},"type":"if","locations":[{"start":{"line":143,"column":4},"end":{"line":147,"column":5}},{"start":{},"end":{}}],"line":143},"2":{"loc":{"start":{"line":149,"column":8},"end":{"line":156,"column":9}},"type":"if","locations":[{"start":{"line":149,"column":8},"end":{"line":156,"column":9}},{"start":{"line":153,"column":15},"end":{"line":156,"column":9}}],"line":149},"3":{"loc":{"start":{"line":170,"column":8},"end":{"line":174,"column":9}},"type":"if","locations":[{"start":{"line":170,"column":8},"end":{"line":174,"column":9}},{"start":{},"end":{}}],"line":170},"4":{"loc":{"start":{"line":194,"column":12},"end":{"line":197,"column":13}},"type":"if","locations":[{"start":{"line":194,"column":12},"end":{"line":197,"column":13}},{"start":{},"end":{}}],"line":194},"5":{"loc":{"start":{"line":213,"column":8},"end":{"line":217,"column":9}},"type":"if","locations":[{"start":{"line":213,"column":8},"end":{"line":217,"column":9}},{"start":{},"end":{}}],"line":213},"6":{"loc":{"start":{"line":226,"column":8},"end":{"line":244,"column":9}},"type":"if","locations":[{"start":{"line":226,"column":8},"end":{"line":244,"column":9}},{"start":{"line":239,"column":15},"end":{"line":244,"column":9}}],"line":226},"7":{"loc":{"start":{"line":258,"column":8},"end":{"line":260,"column":9}},"type":"if","locations":[{"start":{"line":258,"column":8},"end":{"line":260,"column":9}},{"start":{},"end":{}}],"line":258},"8":{"loc":{"start":{"line":263,"column":8},"end":{"line":265,"column":9}},"type":"if","locations":[{"start":{"line":263,"column":8},"end":{"line":265,"column":9}},{"start":{},"end":{}}],"line":263},"9":{"loc":{"start":{"line":268,"column":8},"end":{"line":273,"column":9}},"type":"if","locations":[{"start":{"line":268,"column":8},"end":{"line":273,"column":9}},{"start":{},"end":{}}],"line":268},"10":{"loc":{"start":{"line":278,"column":8},"end":{"line":280,"column":9}},"type":"if","locations":[{"start":{"line":278,"column":8},"end":{"line":280,"column":9}},{"start":{},"end":{}}],"line":278},"11":{"loc":{"start":{"line":278,"column":12},"end":{"line":278,"column":58}},"type":"binary-expr","locations":[{"start":{"line":278,"column":12},"end":{"line":278,"column":25}},{"start":{"line":278,"column":29},"end":{"line":278,"column":58}}],"line":278}},"s":{"0":4,"1":4,"2":4,"3":4,"4":4,"5":0,"6":0,"7":0,"8":0,"9":0,"10":0,"11":0,"12":0,"13":0,"14":0,"15":0,"16":0,"17":0,"18":0,"19":0,"20":0,"21":0,"22":4,"23":0,"24":0,"25":0,"26":0,"27":0,"28":0,"29":0,"30":0,"31":0,"32":0,"33":0,"34":0,"35":0,"36":4,"37":0,"38":0,"39":0,"40":0,"41":0,"42":0,"43":0,"44":0,"45":0,"46":0,"47":0,"48":0,"49":0,"50":0,"51":0,"52":0,"53":4,"54":0,"55":0,"56":0,"57":0,"58":0,"59":0,"60":0,"61":0,"62":0,"63":0,"64":0,"65":0,"66":0,"67":0,"68":0,"69":0,"70":0,"71":0,"72":0,"73":4,"74":0,"75":0,"76":0,"77":0,"78":0,"79":0,"80":0,"81":0,"82":0,"83":0,"84":0,"85":0,"86":0,"87":0,"88":0,"89":0,"90":0,"91":0,"92":0,"93":0,"94":4,"95":0,"96":0,"97":0,"98":0,"99":0,"100":0,"101":0,"102":0,"103":0,"104":0,"105":0,"106":0,"107":0,"108":0,"109":0,"110":0,"111":0,"112":0,"113":4,"114":0,"115":0,"116":0,"117":0,"118":0,"119":0,"120":4,"121":0,"122":0,"123":0,"124":0,"125":0,"126":4,"127":0,"128":0,"129":0,"130":0,"131":0,"132":0,"133":4,"134":0,"135":0,"136":0,"137":0,"138":0,"139":0},"f":{"0":0,"1":0,"2":0,"3":0,"4":0,"5":0,"6":0,"7":0,"8":0,"9":0,"10":0,"11":0,"12":0},"b":{"0":[0,0],"1":[0,0],"2":[0,0],"3":[0,0],"4":[0,0],"5":[0,0],"6":[0,0],"7":[0,0],"8":[0,0],"9":[0,0],"10":[0,0],"11":[0,0]},"_coverageSchema":"1a1c01bbd47fc00a2c39e90264f33305004495a9","hash":"8f2e7c48f4405395abd2c04e6fa201cfe8df1c48"}
,"/Users/tanmaykhandelwal/codes/E-commerce-Website/backend/controllers/productController.js": {"path":"/Users/tanmaykhandelwal/codes/E-commerce-Website/backend/controllers/productController.js","statementMap":{"0":{"start":{"line":5,"column":19},"end":{"line":57,"column":1}},"1":{"start":{"line":6,"column":4},"end":{"line":56,"column":5}},"2":{"start":{"line":16,"column":12},"end":{"line":16,"column":20}},"3":{"start":{"line":18,"column":23},"end":{"line":18,"column":62}},"4":{"start":{"line":19,"column":23},"end":{"line":19,"column":62}},"5":{"start":{"line":20,"column":23},"end":{"line":20,"column":62}},"6":{"start":{"line":21,"column":23},"end":{"line":21,"column":62}},"7":{"start":{"line":23,"column":23},"end":{"line":25,"column":9}},"8":{"start":{"line":24,"column":22},"end":{"line":24,"column":40}},"9":{"start":{"line":27,"column":24},"end":{"line":34,"column":9}},"10":{"start":{"line":29,"column":29},"end":{"line":31,"column":18}},"11":{"start":{"line":32,"column":16},"end":{"line":32,"column":41}},"12":{"start":{"line":36,"column":28},"end":{"line":47,"column":9}},"13":{"start":{"line":49,"column":24},"end":{"line":49,"column":53}},"14":{"start":{"line":50,"column":8},"end":{"line":50,"column":29}},"15":{"start":{"line":52,"column":8},"end":{"line":52,"column":62}},"16":{"start":{"line":54,"column":8},"end":{"line":54,"column":27}},"17":{"start":{"line":55,"column":8},"end":{"line":55,"column":61}},"18":{"start":{"line":60,"column":21},"end":{"line":68,"column":1}},"19":{"start":{"line":61,"column":4},"end":{"line":67,"column":5}},"20":{"start":{"line":62,"column":25},"end":{"line":62,"column":52}},"21":{"start":{"line":63,"column":8},"end":{"line":63,"column":46}},"22":{"start":{"line":65,"column":8},"end":{"line":65,"column":27}},"23":{"start":{"line":66,"column":8},"end":{"line":66,"column":61}},"24":{"start":{"line":71,"column":22},"end":{"line":79,"column":1}},"25":{"start":{"line":72,"column":4},"end":{"line":78,"column":5}},"26":{"start":{"line":73,"column":8},"end":{"line":73,"column":58}},"27":{"start":{"line":74,"column":8},"end":{"line":74,"column":64}},"28":{"start":{"line":76,"column":8},"end":{"line":76,"column":27}},"29":{"start":{"line":77,"column":8},"end":{"line":77,"column":61}},"30":{"start":{"line":82,"column":22},"end":{"line":91,"column":1}},"31":{"start":{"line":83,"column":4},"end":{"line":90,"column":5}},"32":{"start":{"line":84,"column":30},"end":{"line":84,"column":38}},"33":{"start":{"line":85,"column":24},"end":{"line":85,"column":62}},"34":{"start":{"line":86,"column":8},"end":{"line":86,"column":45}},"35":{"start":{"line":88,"column":8},"end":{"line":88,"column":27}},"36":{"start":{"line":89,"column":8},"end":{"line":89,"column":61}}},"fnMap":{"0":{"name":"(anonymous_0)","decl":{"start":{"line":5,"column":19},"end":{"line":5,"column":20}},"loc":{"start":{"line":5,"column":39},"end":{"line":57,"column":1}},"line":5},"1":{"name":"(anonymous_1)","decl":{"start":{"line":24,"column":12},"end":{"line":24,"column":13}},"loc":{"start":{"line":24,"column":22},"end":{"line":24,"column":40}},"line":24},"2":{"name":"(anonymous_2)","decl":{"start":{"line":28,"column":23},"end":{"line":28,"column":24}},"loc":{"start":{"line":28,"column":39},"end":{"line":33,"column":13}},"line":28},"3":{"name":"(anonymous_3)","decl":{"start":{"line":60,"column":21},"end":{"line":60,"column":22}},"loc":{"start":{"line":60,"column":41},"end":{"line":68,"column":1}},"line":60},"4":{"name":"(anonymous_4)","decl":{"start":{"line":71,"column":22},"end":{"line":71,"column":23}},"loc":{"start":{"line":71,"column":42},"end":{"line":79,"column":1}},"line":71},"5":{"name":"(anonymous_5)","decl":{"start":{"line":82,"column":22},"end":{"line":82,"column":23}},"loc":{"start":{"line":82,"column":42},"end":{"line":91,"column":1}},"line":82}},"branchMap":{"0":{"loc":{"start":{"line":18,"column":23},"end":{"line":18,"column":62}},"type":"binary-expr","locations":[{"start":{"line":18,"column":23},"end":{"line":18,"column":39}},{"start":{"line":18,"column":43},"end":{"line":18,"column":62}}],"line":18},"1":{"loc":{"start":{"line":19,"column":23},"end":{"line":19,"column":62}},"type":"binary-expr","locations":[{"start":{"line":19,"column":23},"end":{"line":19,"column":39}},{"start":{"line":19,"column":43},"end":{"line":19,"column":62}}],"line":19},"2":{"loc":{"start":{"line":20,"column":23},"end":{"line":20,"column":62}},"type":"binary-expr","locations":[{"start":{"line":20,"column":23},"end":{"line":20,"column":39}},{"start":{"line":20,"column":43},"end":{"line":20,"column":62}}],"line":20},"3":{"loc":{"start":{"line":21,"column":23},"end":{"line":21,"column":62}},"type":"binary-expr","locations":[{"start":{"line":21,"column":23},"end":{"line":21,"column":39}},{"start":{"line":21,"column":43},"end":{"line":21,"column":62}}],"line":21},"4":{"loc":{"start":{"line":42,"column":24},"end":{"line":42,"column":60}},"type":"cond-expr","locations":[{"start":{"line":42,"column":48},"end":{"line":42,"column":52}},{"start":{"line":42,"column":55},"end":{"line":42,"column":60}}],"line":42}},"s":{"0":3,"1":0,"2":0,"3":0,"4":0,"5":0,"6":0,"7":0,"8":0,"9":0,"10":0,"11":0,"12":0,"13":0,"14":0,"15":0,"16":0,"17":0,"18":3,"19":0,"20":0,"21":0,"22":0,"23":0,"24":3,"25":0,"26":0,"27":0,"28":0,"29":0,"30":3,"31":0,"32":0,"33":0,"34":0,"35":0,"36":0},"f":{"0":0,"1":0,"2":0,"3":0,"4":0,"5":0},"b":{"0":[0,0],"1":[0,0],"2":[0,0],"3":[0,0],"4":[0,0]},"_coverageSchema":"1a1c01bbd47fc00a2c39e90264f33305004495a9","hash":"38a50a2261405b05afb1e6542c4caf0bd55f7f2a"}
,"/Users/tanmaykhandelwal/codes/E-commerce-Website/backend/controllers/reviewController.js": {"path":"/Users/tanmaykhandelwal/codes/E-commerce-Website/backend/controllers/reviewController.js","statementMap":{"0":{"start":{"line":4,"column":18},"end":{"line":28,"column":1}},"1":{"start":{"line":5,"column":4},"end":{"line":27,"column":5}},"2":{"start":{"line":6,"column":47},"end":{"line":6,"column":55}},"3":{"start":{"line":8,"column":8},"end":{"line":13,"column":9}},"4":{"start":{"line":9,"column":12},"end":{"line":12,"column":15}},"5":{"start":{"line":15,"column":23},"end":{"line":20,"column":10}},"6":{"start":{"line":22,"column":8},"end":{"line":22,"column":28}},"7":{"start":{"line":24,"column":8},"end":{"line":24,"column":74}},"8":{"start":{"line":26,"column":8},"end":{"line":26,"column":71}},"9":{"start":{"line":29,"column":21},"end":{"line":60,"column":1}},"10":{"start":{"line":30,"column":4},"end":{"line":59,"column":5}},"11":{"start":{"line":31,"column":40},"end":{"line":31,"column":48}},"12":{"start":{"line":33,"column":8},"end":{"line":38,"column":9}},"13":{"start":{"line":34,"column":12},"end":{"line":37,"column":15}},"14":{"start":{"line":41,"column":23},"end":{"line":44,"column":10}},"15":{"start":{"line":45,"column":8},"end":{"line":50,"column":9}},"16":{"start":{"line":46,"column":12},"end":{"line":49,"column":15}},"17":{"start":{"line":52,"column":8},"end":{"line":52,"column":31}},"18":{"start":{"line":53,"column":8},"end":{"line":53,"column":33}},"19":{"start":{"line":54,"column":8},"end":{"line":54,"column":28}},"20":{"start":{"line":56,"column":8},"end":{"line":56,"column":76}},"21":{"start":{"line":58,"column":8},"end":{"line":58,"column":71}},"22":{"start":{"line":62,"column":20},"end":{"line":73,"column":1}},"23":{"start":{"line":63,"column":4},"end":{"line":72,"column":5}},"24":{"start":{"line":64,"column":30},"end":{"line":64,"column":38}},"25":{"start":{"line":65,"column":24},"end":{"line":67,"column":45}},"26":{"start":{"line":68,"column":8},"end":{"line":68,"column":45}},"27":{"start":{"line":70,"column":8},"end":{"line":70,"column":27}},"28":{"start":{"line":71,"column":8},"end":{"line":71,"column":61}},"29":{"start":{"line":76,"column":21},"end":{"line":106,"column":1}},"30":{"start":{"line":77,"column":4},"end":{"line":105,"column":5}},"31":{"start":{"line":78,"column":23},"end":{"line":78,"column":31}},"32":{"start":{"line":80,"column":8},"end":{"line":84,"column":9}},"33":{"start":{"line":81,"column":12},"end":{"line":83,"column":76}},"34":{"start":{"line":87,"column":23},"end":{"line":90,"column":10}},"35":{"start":{"line":92,"column":8},"end":{"line":97,"column":9}},"36":{"start":{"line":93,"column":12},"end":{"line":96,"column":15}},"37":{"start":{"line":99,"column":8},"end":{"line":99,"column":33}},"38":{"start":{"line":101,"column":8},"end":{"line":101,"column":76}},"39":{"start":{"line":103,"column":8},"end":{"line":103,"column":27}},"40":{"start":{"line":104,"column":8},"end":{"line":104,"column":73}},"41":{"start":{"line":108,"column":21},"end":{"line":119,"column":1}},"42":{"start":{"line":109,"column":4},"end":{"line":118,"column":5}},"43":{"start":{"line":110,"column":23},"end":{"line":110,"column":31}},"44":{"start":{"line":111,"column":23},"end":{"line":113,"column":45}},"45":{"start":{"line":114,"column":8},"end":{"line":114,"column":44}},"46":{"start":{"line":116,"column":8},"end":{"line":116,"column":27}},"47":{"start":{"line":117,"column":8},"end":{"line":117,"column":61}}},"fnMap":{"0":{"name":"(anonymous_0)","decl":{"start":{"line":4,"column":18},"end":{"line":4,"column":19}},"loc":{"start":{"line":4,"column":38},"end":{"line":28,"column":1}},"line":4},"1":{"name":"(anonymous_1)","decl":{"start":{"line":29,"column":21},"end":{"line":29,"column":22}},"loc":{"start":{"line":29,"column":41},"end":{"line":60,"column":1}},"line":29},"2":{"name":"(anonymous_2)","decl":{"start":{"line":62,"column":20},"end":{"line":62,"column":21}},"loc":{"start":{"line":62,"column":40},"end":{"line":73,"column":1}},"line":62},"3":{"name":"(anonymous_3)","decl":{"start":{"line":76,"column":21},"end":{"line":76,"column":22}},"loc":{"start":{"line":76,"column":41},"end":{"line":106,"column":1}},"line":76},"4":{"name":"(anonymous_4)","decl":{"start":{"line":108,"column":21},"end":{"line":108,"column":22}},"loc":{"start":{"line":108,"column":41},"end":{"line":119,"column":1}},"line":108}},"branchMap":{"0":{"loc":{"start":{"line":8,"column":8},"end":{"line":13,"column":9}},"type":"if","locations":[{"start":{"line":8,"column":8},"end":{"line":13,"column":9}},{"start":{},"end":{}}],"line":8},"1":{"loc":{"start":{"line":8,"column":12},"end":{"line":8,"column":45}},"type":"binary-expr","locations":[{"start":{"line":8,"column":12},"end":{"line":8,"column":22}},{"start":{"line":8,"column":26},"end":{"line":8,"column":33}},{"start":{"line":8,"column":37},"end":{"line":8,"column":45}}],"line":8},"2":{"loc":{"start":{"line":33,"column":8},"end":{"line":38,"column":9}},"type":"if","locations":[{"start":{"line":33,"column":8},"end":{"line":38,"column":9}},{"start":{},"end":{}}],"line":33},"3":{"loc":{"start":{"line":33,"column":12},"end":{"line":33,"column":38}},"type":"binary-expr","locations":[{"start":{"line":33,"column":12},"end":{"line":33,"column":15}},{"start":{"line":33,"column":19},"end":{"line":33,"column":26}},{"start":{"line":33,"column":30},"end":{"line":33,"column":38}}],"line":33},"4":{"loc":{"start":{"line":45,"column":8},"end":{"line":50,"column":9}},"type":"if","locations":[{"start":{"line":45,"column":8},"end":{"line":50,"column":9}},{"start":{},"end":{}}],"line":45},"5":{"loc":{"start":{"line":80,"column":8},"end":{"line":84,"column":9}},"type":"if","locations":[{"start":{"line":80,"column":8},"end":{"line":84,"column":9}},{"start":{},"end":{}}],"line":80},"6":{"loc":{"start":{"line":92,"column":8},"end":{"line":97,"column":9}},"type":"if","locations":[{"start":{"line":92,"column":8},"end":{"line":97,"column":9}},{"start":{},"end":{}}],"line":92}},"s":{"0":4,"1":0,"2":0,"3":0,"4":0,"5":0,"6":0,"7":0,"8":0,"9":4,"10":0,"11":0,"12":0,"13":0,"14":0,"15":0,"16":0,"17":0,"18":0,"19":0,"20":0,"21":0,"22":4,"23":0,"24":0,"25":0,"26":0,"27":0,"28":0,"29":4,"30":0,"31":0,"32":0,"33":0,"34":0,"35":0,"36":0,"37":0,"38":0,"39":0,"40":0,"41":4,"42":0,"43":0,"44":0,"45":0,"46":0,"47":0},"f":{"0":0,"1":0,"2":0,"3":0,"4":0},"b":{"0":[0,0],"1":[0,0,0],"2":[0,0],"3":[0,0,0],"4":[0,0],"5":[0,0],"6":[0,0]},"_coverageSchema":"1a1c01bbd47fc00a2c39e90264f33305004495a9","hash":"c6dce4e5149ecc06b9a03e266643813f77bd60cb"}
,"/Users/tanmaykhandelwal/codes/E-commerce-Website/backend/controllers/userController.js": {"path":"/Users/tanmaykhandelwal/codes/E-commerce-Website/backend/controllers/userController.js","statementMap":{"0":{"start":{"line":6,"column":20},"end":{"line":8,"column":1}},"1":{"start":{"line":7,"column":4},"end":{"line":7,"column":52}},"2":{"start":{"line":10,"column":18},"end":{"line":31,"column":1}},"3":{"start":{"line":11,"column":4},"end":{"line":30,"column":5}},"4":{"start":{"line":12,"column":36},"end":{"line":12,"column":44}},"5":{"start":{"line":13,"column":21},"end":{"line":13,"column":55}},"6":{"start":{"line":15,"column":8},"end":{"line":17,"column":9}},"7":{"start":{"line":16,"column":12},"end":{"line":16,"column":80}},"8":{"start":{"line":19,"column":24},"end":{"line":19,"column":69}},"9":{"start":{"line":21,"column":8},"end":{"line":26,"column":9}},"10":{"start":{"line":22,"column":26},"end":{"line":22,"column":47}},"11":{"start":{"line":23,"column":12},"end":{"line":23,"column":47}},"12":{"start":{"line":25,"column":12},"end":{"line":25,"column":73}},"13":{"start":{"line":28,"column":8},"end":{"line":28,"column":25}},"14":{"start":{"line":29,"column":8},"end":{"line":29,"column":59}},"15":{"start":{"line":34,"column":21},"end":{"line":77,"column":1}},"16":{"start":{"line":35,"column":4},"end":{"line":76,"column":5}},"17":{"start":{"line":36,"column":42},"end":{"line":36,"column":50}},"18":{"start":{"line":39,"column":23},"end":{"line":39,"column":57}},"19":{"start":{"line":40,"column":8},"end":{"line":42,"column":9}},"20":{"start":{"line":41,"column":12},"end":{"line":41,"column":80}},"21":{"start":{"line":45,"column":8},"end":{"line":50,"column":9}},"22":{"start":{"line":46,"column":12},"end":{"line":49,"column":15}},"23":{"start":{"line":51,"column":8},"end":{"line":56,"column":9}},"24":{"start":{"line":52,"column":12},"end":{"line":55,"column":15}},"25":{"start":{"line":59,"column":21},"end":{"line":59,"column":45}},"26":{"start":{"line":60,"column":31},"end":{"line":60,"column":64}},"27":{"start":{"line":62,"column":24},"end":{"line":67,"column":10}},"28":{"start":{"line":68,"column":21},"end":{"line":68,"column":41}},"29":{"start":{"line":70,"column":22},"end":{"line":70,"column":43}},"30":{"start":{"line":72,"column":8},"end":{"line":72,"column":43}},"31":{"start":{"line":74,"column":8},"end":{"line":74,"column":25}},"32":{"start":{"line":75,"column":8},"end":{"line":75,"column":59}},"33":{"start":{"line":80,"column":22},"end":{"line":109,"column":1}},"34":{"start":{"line":81,"column":4},"end":{"line":108,"column":5}},"35":{"start":{"line":82,"column":8},"end":{"line":86,"column":9}},"36":{"start":{"line":83,"column":12},"end":{"line":85,"column":72}},"37":{"start":{"line":88,"column":32},"end":{"line":88,"column":40}},"38":{"start":{"line":89,"column":8},"end":{"line":94,"column":9}},"39":{"start":{"line":90,"column":12},"end":{"line":93,"column":15}},"40":{"start":{"line":96,"column":28},"end":{"line":102,"column":32}},"41":{"start":{"line":104,"column":8},"end":{"line":104,"column":55}},"42":{"start":{"line":106,"column":8},"end":{"line":106,"column":25}},"43":{"start":{"line":107,"column":8},"end":{"line":107,"column":59}},"44":{"start":{"line":112,"column":19},"end":{"line":128,"column":1}},"45":{"start":{"line":113,"column":4},"end":{"line":127,"column":5}},"46":{"start":{"line":114,"column":36},"end":{"line":114,"column":44}},"47":{"start":{"line":115,"column":8},"end":{"line":123,"column":9}},"48":{"start":{"line":119,"column":26},"end":{"line":119,"column":76}},"49":{"start":{"line":120,"column":12},"end":{"line":120,"column":47}},"50":{"start":{"line":122,"column":12},"end":{"line":122,"column":73}},"51":{"start":{"line":125,"column":8},"end":{"line":125,"column":25}},"52":{"start":{"line":126,"column":8},"end":{"line":126,"column":59}},"53":{"start":{"line":130,"column":20},"end":{"line":147,"column":1}},"54":{"start":{"line":131,"column":4},"end":{"line":146,"column":5}},"55":{"start":{"line":132,"column":8},"end":{"line":136,"column":9}},"56":{"start":{"line":133,"column":12},"end":{"line":135,"column":77}},"57":{"start":{"line":138,"column":21},"end":{"line":138,"column":78}},"58":{"start":{"line":139,"column":8},"end":{"line":141,"column":9}},"59":{"start":{"line":140,"column":12},"end":{"line":140,"column":75}},"60":{"start":{"line":142,"column":8},"end":{"line":142,"column":42}},"61":{"start":{"line":144,"column":8},"end":{"line":144,"column":25}},"62":{"start":{"line":145,"column":8},"end":{"line":145,"column":59}},"63":{"start":{"line":149,"column":23},"end":{"line":174,"column":1}},"64":{"start":{"line":150,"column":4},"end":{"line":173,"column":5}},"65":{"start":{"line":151,"column":23},"end":{"line":151,"column":34}},"66":{"start":{"line":152,"column":45},"end":{"line":152,"column":53}},"67":{"start":{"line":154,"column":21},"end":{"line":154,"column":53}},"68":{"start":{"line":155,"column":8},"end":{"line":158,"column":69}},"69":{"start":{"line":156,"column":12},"end":{"line":158,"column":69}},"70":{"start":{"line":160,"column":24},"end":{"line":160,"column":72}},"71":{"start":{"line":161,"column":8},"end":{"line":164,"column":80}},"72":{"start":{"line":162,"column":12},"end":{"line":164,"column":80}},"73":{"start":{"line":166,"column":31},"end":{"line":166,"column":65}},"74":{"start":{"line":167,"column":8},"end":{"line":167,"column":39}},"75":{"start":{"line":168,"column":8},"end":{"line":168,"column":26}},"76":{"start":{"line":170,"column":8},"end":{"line":170,"column":78}},"77":{"start":{"line":172,"column":8},"end":{"line":172,"column":71}}},"fnMap":{"0":{"name":"(anonymous_0)","decl":{"start":{"line":6,"column":20},"end":{"line":6,"column":21}},"loc":{"start":{"line":6,"column":28},"end":{"line":8,"column":1}},"line":6},"1":{"name":"(anonymous_1)","decl":{"start":{"line":10,"column":18},"end":{"line":10,"column":19}},"loc":{"start":{"line":10,"column":38},"end":{"line":31,"column":1}},"line":10},"2":{"name":"(anonymous_2)","decl":{"start":{"line":34,"column":21},"end":{"line":34,"column":22}},"loc":{"start":{"line":34,"column":41},"end":{"line":77,"column":1}},"line":34},"3":{"name":"(anonymous_3)","decl":{"start":{"line":80,"column":22},"end":{"line":80,"column":23}},"loc":{"start":{"line":80,"column":42},"end":{"line":109,"column":1}},"line":80},"4":{"name":"(anonymous_4)","decl":{"start":{"line":112,"column":19},"end":{"line":112,"column":20}},"loc":{"start":{"line":112,"column":39},"end":{"line":128,"column":1}},"line":112},"5":{"name":"(anonymous_5)","decl":{"start":{"line":130,"column":20},"end":{"line":130,"column":21}},"loc":{"start":{"line":130,"column":40},"end":{"line":147,"column":1}},"line":130},"6":{"name":"(anonymous_6)","decl":{"start":{"line":149,"column":23},"end":{"line":149,"column":24}},"loc":{"start":{"line":149,"column":43},"end":{"line":174,"column":1}},"line":149}},"branchMap":{"0":{"loc":{"start":{"line":15,"column":8},"end":{"line":17,"column":9}},"type":"if","locations":[{"start":{"line":15,"column":8},"end":{"line":17,"column":9}},{"start":{},"end":{}}],"line":15},"1":{"loc":{"start":{"line":21,"column":8},"end":{"line":26,"column":9}},"type":"if","locations":[{"start":{"line":21,"column":8},"end":{"line":26,"column":9}},{"start":{"line":24,"column":15},"end":{"line":26,"column":9}}],"line":21},"2":{"loc":{"start":{"line":40,"column":8},"end":{"line":42,"column":9}},"type":"if","locations":[{"start":{"line":40,"column":8},"end":{"line":42,"column":9}},{"start":{},"end":{}}],"line":40},"3":{"loc":{"start":{"line":45,"column":8},"end":{"line":50,"column":9}},"type":"if","locations":[{"start":{"line":45,"column":8},"end":{"line":50,"column":9}},{"start":{},"end":{}}],"line":45},"4":{"loc":{"start":{"line":51,"column":8},"end":{"line":56,"column":9}},"type":"if","locations":[{"start":{"line":51,"column":8},"end":{"line":56,"column":9}},{"start":{},"end":{}}],"line":51},"5":{"loc":{"start":{"line":82,"column":8},"end":{"line":86,"column":9}},"type":"if","locations":[{"start":{"line":82,"column":8},"end":{"line":86,"column":9}},{"start":{},"end":{}}],"line":82},"6":{"loc":{"start":{"line":82,"column":12},"end":{"line":82,"column":37}},"type":"binary-expr","locations":[{"start":{"line":82,"column":12},"end":{"line":82,"column":21}},{"start":{"line":82,"column":25},"end":{"line":82,"column":37}}],"line":82},"7":{"loc":{"start":{"line":89,"column":8},"end":{"line":94,"column":9}},"type":"if","locations":[{"start":{"line":89,"column":8},"end":{"line":94,"column":9}},{"start":{},"end":{}}],"line":89},"8":{"loc":{"start":{"line":89,"column":12},"end":{"line":89,"column":27}},"type":"binary-expr","locations":[{"start":{"line":89,"column":12},"end":{"line":89,"column":17}},{"start":{"line":89,"column":21},"end":{"line":89,"column":27}}],"line":89},"9":{"loc":{"start":{"line":115,"column":8},"end":{"line":123,"column":9}},"type":"if","locations":[{"start":{"line":115,"column":8},"end":{"line":123,"column":9}},{"start":{"line":121,"column":15},"end":{"line":123,"column":9}}],"line":115},"10":{"loc":{"start":{"line":116,"column":12},"end":{"line":117,"column":51}},"type":"binary-expr","locations":[{"start":{"line":116,"column":12},"end":{"line":116,"column":45}},{"start":{"line":117,"column":12},"end":{"line":117,"column":51}}],"line":116},"11":{"loc":{"start":{"line":132,"column":8},"end":{"line":136,"column":9}},"type":"if","locations":[{"start":{"line":132,"column":8},"end":{"line":136,"column":9}},{"start":{},"end":{}}],"line":132},"12":{"loc":{"start":{"line":132,"column":12},"end":{"line":132,"column":37}},"type":"binary-expr","locations":[{"start":{"line":132,"column":12},"end":{"line":132,"column":21}},{"start":{"line":132,"column":25},"end":{"line":132,"column":37}}],"line":132},"13":{"loc":{"start":{"line":139,"column":8},"end":{"line":141,"column":9}},"type":"if","locations":[{"start":{"line":139,"column":8},"end":{"line":141,"column":9}},{"start":{},"end":{}}],"line":139},"14":{"loc":{"start":{"line":155,"column":8},"end":{"line":158,"column":69}},"type":"if","locations":[{"start":{"line":155,"column":8},"end":{"line":158,"column":69}},{"start":{},"end":{}}],"line":155},"15":{"loc":{"start":{"line":161,"column":8},"end":{"line":164,"column":80}},"type":"if","locations":[{"start":{"line":161,"column":8},"end":{"line":164,"column":80}},{"start":{},"end":{}}],"line":161}},"s":{"0":3,"1":0,"2":3,"3":0,"4":0,"5":0,"6":0,"7":0,"8":0,"9":0,"10":0,"11":0,"12":0,"13":0,"14":0,"15":3,"16":0,"17":0,"18":0,"19":0,"20":0,"21":0,"22":0,"23":0,"24":0,"25":0,"26":0,"27":0,"28":0,"29":0,"30":0,"31":0,"32":0,"33":3,"34":0,"35":0,"36":0,"37":0,"38":0,"39":0,"40":0,"41":0,"42":0,"43":0,"44":3,"45":0,"46":0,"47":0,"48":0,"49":0,"50":0,"51":0,"52":0,"53":3,"54":0,"55":0,"56":0,"57":0,"58":0,"59":0,"60":0,"61":0,"62":0,"63":3,"64":0,"65":0,"66":0,"67":0,"68":0,"69":0,"70":0,"71":0,"72":0,"73":0,"74":0,"75":0,"76":0,"77":0},"f":{"0":0,"1":0,"2":0,"3":0,"4":0,"5":0,"6":0},"b":{"0":[0,0],"1":[0,0],"2":[0,0],"3":[0,0],"4":[0,0],"5":[0,0],"6":[0,0],"7":[0,0],"8":[0,0],"9":[0,0],"10":[0,0],"11":[0,0],"12":[0,0],"13":[0,0],"14":[0,0],"15":[0,0]},"_coverageSchema":"1a1c01bbd47fc00a2c39e90264f33305004495a9","hash":"1b503418f5be1b0d079b6eaa265b32ec2e604bed"}
,"/Users/tanmaykhandelwal/codes/E-commerce-Website/backend/controllers/wishlistController.js": {"path":"/Users/tanmaykhandelwal/codes/E-commerce-Website/backend/controllers/wishlistController.js","statementMap":{"0":{"start":{"line":5,"column":29},"end":{"line":36,"column":1}},"1":{"start":{"line":6,"column":4},"end":{"line":35,"column":5}},"2":{"start":{"line":7,"column":23},"end":{"line":7,"column":34}},"3":{"start":{"line":8,"column":30},"end":{"line":8,"column":38}},"4":{"start":{"line":10,"column":8},"end":{"line":12,"column":9}},"5":{"start":{"line":11,"column":12},"end":{"line":11,"column":80}},"6":{"start":{"line":14,"column":21},"end":{"line":14,"column":53}},"7":{"start":{"line":15,"column":8},"end":{"line":16,"column":75}},"8":{"start":{"line":16,"column":12},"end":{"line":16,"column":75}},"9":{"start":{"line":18,"column":8},"end":{"line":20,"column":9}},"10":{"start":{"line":19,"column":12},"end":{"line":19,"column":80}},"11":{"start":{"line":22,"column":8},"end":{"line":22,"column":38}},"12":{"start":{"line":23,"column":8},"end":{"line":23,"column":26}},"13":{"start":{"line":26,"column":8},"end":{"line":26,"column":40}},"14":{"start":{"line":28,"column":8},"end":{"line":32,"column":11}},"15":{"start":{"line":34,"column":8},"end":{"line":34,"column":59}},"16":{"start":{"line":39,"column":34},"end":{"line":68,"column":1}},"17":{"start":{"line":40,"column":4},"end":{"line":67,"column":5}},"18":{"start":{"line":41,"column":23},"end":{"line":41,"column":34}},"19":{"start":{"line":42,"column":26},"end":{"line":42,"column":39}},"20":{"start":{"line":44,"column":8},"end":{"line":46,"column":9}},"21":{"start":{"line":45,"column":12},"end":{"line":45,"column":80}},"22":{"start":{"line":48,"column":21},"end":{"line":48,"column":53}},"23":{"start":{"line":49,"column":8},"end":{"line":50,"column":75}},"24":{"start":{"line":50,"column":12},"end":{"line":50,"column":75}},"25":{"start":{"line":52,"column":8},"end":{"line":54,"column":10}},"26":{"start":{"line":53,"column":20},"end":{"line":53,"column":47}},"27":{"start":{"line":55,"column":8},"end":{"line":55,"column":26}},"28":{"start":{"line":58,"column":8},"end":{"line":58,"column":40}},"29":{"start":{"line":60,"column":8},"end":{"line":64,"column":11}},"30":{"start":{"line":66,"column":8},"end":{"line":66,"column":59}},"31":{"start":{"line":71,"column":27},"end":{"line":83,"column":1}},"32":{"start":{"line":72,"column":4},"end":{"line":82,"column":5}},"33":{"start":{"line":73,"column":23},"end":{"line":73,"column":34}},"34":{"start":{"line":75,"column":21},"end":{"line":75,"column":74}},"35":{"start":{"line":76,"column":8},"end":{"line":77,"column":75}},"36":{"start":{"line":77,"column":12},"end":{"line":77,"column":75}},"37":{"start":{"line":79,"column":8},"end":{"line":79,"column":61}},"38":{"start":{"line":81,"column":8},"end":{"line":81,"column":59}}},"fnMap":{"0":{"name":"(anonymous_0)","decl":{"start":{"line":5,"column":29},"end":{"line":5,"column":30}},"loc":{"start":{"line":5,"column":49},"end":{"line":36,"column":1}},"line":5},"1":{"name":"(anonymous_1)","decl":{"start":{"line":39,"column":34},"end":{"line":39,"column":35}},"loc":{"start":{"line":39,"column":54},"end":{"line":68,"column":1}},"line":39},"2":{"name":"(anonymous_2)","decl":{"start":{"line":53,"column":12},"end":{"line":53,"column":13}},"loc":{"start":{"line":53,"column":20},"end":{"line":53,"column":47}},"line":53},"3":{"name":"(anonymous_3)","decl":{"start":{"line":71,"column":27},"end":{"line":71,"column":28}},"loc":{"start":{"line":71,"column":47},"end":{"line":83,"column":1}},"line":71}},"branchMap":{"0":{"loc":{"start":{"line":10,"column":8},"end":{"line":12,"column":9}},"type":"if","locations":[{"start":{"line":10,"column":8},"end":{"line":12,"column":9}},{"start":{},"end":{}}],"line":10},"1":{"loc":{"start":{"line":15,"column":8},"end":{"line":16,"column":75}},"type":"if","locations":[{"start":{"line":15,"column":8},"end":{"line":16,"column":75}},{"start":{},"end":{}}],"line":15},"2":{"loc":{"start":{"line":18,"column":8},"end":{"line":20,"column":9}},"type":"if","locations":[{"start":{"line":18,"column":8},"end":{"line":20,"column":9}},{"start":{},"end":{}}],"line":18},"3":{"loc":{"start":{"line":44,"column":8},"end":{"line":46,"column":9}},"type":"if","locations":[{"start":{"line":44,"column":8},"end":{"line":46,"column":9}},{"start":{},"end":{}}],"line":44},"4":{"loc":{"start":{"line":49,"column":8},"end":{"line":50,"column":75}},"type":"if","locations":[{"start":{"line":49,"column":8},"end":{"line":50,"column":75}},{"start":{},"end":{}}],"line":49},"5":{"loc":{"start":{"line":76,"column":8},"end":{"line":77,"column":75}},"type":"if","locations":[{"start":{"line":76,"column":8},"end":{"line":77,"column":75}},{"start":{},"end":{}}],"line":76}},"s":{"0":4,"1":0,"2":0,"3":0,"4":0,"5":0,"6":0,"7":0,"8":0,"9":0,"10":0,"11":0,"12":0,"13":0,"14":0,"15":0,"16":4,"17":0,"18":0,"19":0,"20":0,"21":0,"22":0,"23":0,"24":0,"25":0,"26":0,"27":0,"28":0,"29":0,"30":0,"31":4,"32":0,"33":0,"34":0,"35":0,"36":0,"37":0,"38":0},"f":{"0":0,"1":0,"2":0,"3":0},"b":{"0":[0,0],"1":[0,0],"2":[0,0],"3":[0,0],"4":[0,0],"5":[0,0]},"_coverageSchema":"1a1c01bbd47fc00a2c39e90264f33305004495a9","hash":"aecec90f99b534b122ef7c512d43e785c238fd8a"}
,"/Users/tanmaykhandelwal/codes/E-commerce-Website/backend/data/faqData.js": {"path":"/Users/tanmaykhandelwal/codes/E-commerce-Website/backend/data/faqData.js","statementMap":{"0":{"start":{"line":1,"column":13},"end":{"line":107,"column":1}}},"fnMap":{},"branchMap":{},"s":{"0":4},"f":{},"b":{},"_coverageSchema":"1a1c01bbd47fc00a2c39e90264f33305004495a9","hash":"0ffe9ee6b5010a10223bb71ce8399ab29c0b3a09"}
,"/Users/tanmaykhandelwal/codes/E-commerce-Website/backend/middleware/adminAuth.js": {"path":"/Users/tanmaykhandelwal/codes/E-commerce-Website/backend/middleware/adminAuth.js","statementMap":{"0":{"start":{"line":3,"column":18},"end":{"line":29,"column":1}},"1":{"start":{"line":4,"column":4},"end":{"line":28,"column":5}},"2":{"start":{"line":5,"column":27},"end":{"line":5,"column":52}},"3":{"start":{"line":6,"column":8},"end":{"line":11,"column":9}},"4":{"start":{"line":7,"column":12},"end":{"line":10,"column":15}},"5":{"start":{"line":13,"column":22},"end":{"line":13,"column":46}},"6":{"start":{"line":14,"column":24},"end":{"line":14,"column":65}},"7":{"start":{"line":17,"column":8},"end":{"line":22,"column":9}},"8":{"start":{"line":18,"column":12},"end":{"line":21,"column":15}},"9":{"start":{"line":24,"column":8},"end":{"line":24,"column":15}},"10":{"start":{"line":26,"column":8},"end":{"line":26,"column":27}},"11":{"start":{"line":27,"column":8},"end":{"line":27,"column":61}}},"fnMap":{"0":{"name":"(anonymous_0)","decl":{"start":{"line":3,"column":18},"end":{"line":3,"column":19}},"loc":{"start":{"line":3,"column":44},"end":{"line":29,"column":1}},"line":3}},"branchMap":{"0":{"loc":{"start":{"line":6,"column":8},"end":{"line":11,"column":9}},"type":"if","locations":[{"start":{"line":6,"column":8},"end":{"line":11,"column":9}},{"start":{},"end":{}}],"line":6},"1":{"loc":{"start":{"line":6,"column":12},"end":{"line":6,"column":60}},"type":"binary-expr","locations":[{"start":{"line":6,"column":12},"end":{"line":6,"column":23}},{"start":{"line":6,"column":27},"end":{"line":6,"column":60}}],"line":6},"2":{"loc":{"start":{"line":17,"column":8},"end":{"line":22,"column":9}},"type":"if","locations":[{"start":{"line":17,"column":8},"end":{"line":22,"column":9}},{"start":{},"end":{}}],"line":17}},"s":{"0":4,"1":0,"2":0,"3":0,"4":0,"5":0,"6":0,"7":0,"8":0,"9":0,"10":0,"11":0},"f":{"0":0},"b":{"0":[0,0],"1":[0,0],"2":[0,0]},"_coverageSchema":"1a1c01bbd47fc00a2c39e90264f33305004495a9","hash":"4afd9352eb43a482d0137a27d50afdb2878860cc"}
,"/Users/tanmaykhandelwal/codes/E-commerce-Website/backend/middleware/auth.js": {"path":"/Users/tanmaykhandelwal/codes/E-commerce-Website/backend/middleware/auth.js","statementMap":{"0":{"start":{"line":3,"column":17},"end":{"line":31,"column":1}},"1":{"start":{"line":4,"column":4},"end":{"line":30,"column":5}},"2":{"start":{"line":5,"column":27},"end":{"line":5,"column":52}},"3":{"start":{"line":6,"column":8},"end":{"line":13,"column":9}},"4":{"start":{"line":7,"column":12},"end":{"line":12,"column":19}},"5":{"start":{"line":15,"column":22},"end":{"line":15,"column":46}},"6":{"start":{"line":16,"column":24},"end":{"line":16,"column":65}},"7":{"start":{"line":18,"column":8},"end":{"line":18,"column":38}},"8":{"start":{"line":19,"column":8},"end":{"line":19,"column":15}},"9":{"start":{"line":21,"column":8},"end":{"line":29,"column":15}}},"fnMap":{"0":{"name":"(anonymous_0)","decl":{"start":{"line":3,"column":17},"end":{"line":3,"column":18}},"loc":{"start":{"line":3,"column":43},"end":{"line":31,"column":1}},"line":3}},"branchMap":{"0":{"loc":{"start":{"line":6,"column":8},"end":{"line":13,"column":9}},"type":"if","locations":[{"start":{"line":6,"column":8},"end":{"line":13,"column":9}},{"start":{},"end":{}}],"line":6},"1":{"loc":{"start":{"line":26,"column":20},"end":{"line":28,"column":41}},"type":"cond-expr","locations":[{"start":{"line":27,"column":26},"end":{"line":27,"column":41}},{"start":{"line":28,"column":26},"end":{"line":28,"column":41}}],"line":26}},"s":{"0":3,"1":0,"2":0,"3":0,"4":0,"5":0,"6":0,"7":0,"8":0,"9":0},"f":{"0":0},"b":{"0":[0,0],"1":[0,0]},"_coverageSchema":"1a1c01bbd47fc00a2c39e90264f33305004495a9","hash":"68af23bd3c85dabe923bbfb08144f50a2c479fe1"}
,"/Users/tanmaykhandelwal/codes/E-commerce-Website/backend/middleware/multer.js": {"path":"/Users/tanmaykhandelwal/codes/E-commerce-Website/backend/middleware/multer.js","statementMap":{"0":{"start":{"line":3,"column":16},"end":{"line":7,"column":2}},"1":{"start":{"line":5,"column":8},"end":{"line":5,"column":40}},"2":{"start":{"line":9,"column":15},"end":{"line":9,"column":32}}},"fnMap":{"0":{"name":"(anonymous_0)","decl":{"start":{"line":4,"column":13},"end":{"line":4,"column":14}},"loc":{"start":{"line":4,"column":40},"end":{"line":6,"column":5}},"line":4}},"branchMap":{},"s":{"0":4,"1":0,"2":4},"f":{"0":0},"b":{},"_coverageSchema":"1a1c01bbd47fc00a2c39e90264f33305004495a9","hash":"f0652bb9bf360ebfe0066e2389df124067665769"}
,"/Users/tanmaykhandelwal/codes/E-commerce-Website/backend/models/contactModel.js": {"path":"/Users/tanmaykhandelwal/codes/E-commerce-Website/backend/models/contactModel.js","statementMap":{"0":{"start":{"line":3,"column":22},"end":{"line":9,"column":2}},"1":{"start":{"line":11,"column":21},"end":{"line":11,"column":88}}},"fnMap":{},"branchMap":{"0":{"loc":{"start":{"line":11,"column":21},"end":{"line":11,"column":88}},"type":"binary-expr","locations":[{"start":{"line":11,"column":21},"end":{"line":11,"column":44}},{"start":{"line":11,"column":48},"end":{"line":11,"column":88}}],"line":11}},"s":{"0":4,"1":4},"f":{},"b":{"0":[4,4]},"_coverageSchema":"1a1c01bbd47fc00a2c39e90264f33305004495a9","hash":"b0930a0d35997b61ec15efeb957aad05a782f62f"}
,"/Users/tanmaykhandelwal/codes/E-commerce-Website/backend/models/orderModel.js": {"path":"/Users/tanmaykhandelwal/codes/E-commerce-Website/backend/models/orderModel.js","statementMap":{"0":{"start":{"line":3,"column":20},"end":{"line":14,"column":2}},"1":{"start":{"line":17,"column":4},"end":{"line":17,"column":65}}},"fnMap":{},"branchMap":{"0":{"loc":{"start":{"line":17,"column":4},"end":{"line":17,"column":65}},"type":"binary-expr","locations":[{"start":{"line":17,"column":4},"end":{"line":17,"column":25}},{"start":{"line":17,"column":29},"end":{"line":17,"column":65}}],"line":17}},"s":{"0":4,"1":4},"f":{},"b":{"0":[4,4]},"_coverageSchema":"1a1c01bbd47fc00a2c39e90264f33305004495a9","hash":"c50101dad172702ca349d4c229cec4f6526e0544"}
,"/Users/tanmaykhandelwal/codes/E-commerce-Website/backend/models/productModel.js": {"path":"/Users/tanmaykhandelwal/codes/E-commerce-Website/backend/models/productModel.js","statementMap":{"0":{"start":{"line":3,"column":22},"end":{"line":15,"column":2}},"1":{"start":{"line":16,"column":21},"end":{"line":16,"column":88}}},"fnMap":{},"branchMap":{"0":{"loc":{"start":{"line":16,"column":21},"end":{"line":16,"column":88}},"type":"binary-expr","locations":[{"start":{"line":16,"column":21},"end":{"line":16,"column":44}},{"start":{"line":16,"column":48},"end":{"line":16,"column":88}}],"line":16}},"s":{"0":4,"1":4},"f":{},"b":{"0":[4,4]},"_coverageSchema":"1a1c01bbd47fc00a2c39e90264f33305004495a9","hash":"6ad8cbef6f2084d2387263a88cc33fbae08556e9"}
,"/Users/tanmaykhandelwal/codes/E-commerce-Website/backend/models/reviewModel.js": {"path":"/Users/tanmaykhandelwal/codes/E-commerce-Website/backend/models/reviewModel.js","statementMap":{"0":{"start":{"line":3,"column":21},"end":{"line":17,"column":2}},"1":{"start":{"line":21,"column":4},"end":{"line":21,"column":68}}},"fnMap":{},"branchMap":{"0":{"loc":{"start":{"line":21,"column":4},"end":{"line":21,"column":68}},"type":"binary-expr","locations":[{"start":{"line":21,"column":4},"end":{"line":21,"column":26}},{"start":{"line":21,"column":30},"end":{"line":21,"column":68}}],"line":21}},"s":{"0":4,"1":4},"f":{},"b":{"0":[4,4]},"_coverageSchema":"1a1c01bbd47fc00a2c39e90264f33305004495a9","hash":"8f0f81fffad90234231004c67210f57b4b4855bf"}
,"/Users/tanmaykhandelwal/codes/E-commerce-Website/backend/models/userModel.js": {"path":"/Users/tanmaykhandelwal/codes/E-commerce-Website/backend/models/userModel.js","statementMap":{"0":{"start":{"line":3,"column":19},"end":{"line":13,"column":1}},"1":{"start":{"line":15,"column":18},"end":{"line":15,"column":76}}},"fnMap":{},"branchMap":{"0":{"loc":{"start":{"line":15,"column":18},"end":{"line":15,"column":76}},"type":"binary-expr","locations":[{"start":{"line":15,"column":18},"end":{"line":15,"column":38}},{"start":{"line":15,"column":42},"end":{"line":15,"column":76}}],"line":15}},"s":{"0":4,"1":4},"f":{},"b":{"0":[4,4]},"_coverageSchema":"1a1c01bbd47fc00a2c39e90264f33305004495a9","hash":"b4d531a7cd5cac4af8bb60b7d4df1170ad1e7856"}
,"/Users/tanmaykhandelwal/codes/E-commerce-Website/backend/routes/cartRoute.js": {"path":"/Users/tanmaykhandelwal/codes/E-commerce-Website/backend/routes/cartRoute.js","statementMap":{"0":{"start":{"line":5,"column":19},"end":{"line":5,"column":35}},"1":{"start":{"line":7,"column":0},"end":{"line":7,"column":45}},"2":{"start":{"line":8,"column":0},"end":{"line":8,"column":43}},"3":{"start":{"line":9,"column":0},"end":{"line":9,"column":47}}},"fnMap":{},"branchMap":{},"s":{"0":4,"1":4,"2":4,"3":4},"f":{},"b":{},"_coverageSchema":"1a1c01bbd47fc00a2c39e90264f33305004495a9","hash":"9362d4d0bb47215f89f02ff01e49f8202685ec15"}
,"/Users/tanmaykhandelwal/codes/E-commerce-Website/backend/routes/contactRoute.js": {"path":"/Users/tanmaykhandelwal/codes/E-commerce-Website/backend/routes/contactRoute.js","statementMap":{"0":{"start":{"line":7,"column":22},"end":{"line":7,"column":38}},"1":{"start":{"line":10,"column":0},"end":{"line":10,"column":45}},"2":{"start":{"line":13,"column":0},"end":{"line":13,"column":36}}},"fnMap":{},"branchMap":{},"s":{"0":4,"1":4,"2":4},"f":{},"b":{},"_coverageSchema":"1a1c01bbd47fc00a2c39e90264f33305004495a9","hash":"f139ac0414fa24ba9c0a92638e75678bb9172b69"}
,"/Users/tanmaykhandelwal/codes/E-commerce-Website/backend/routes/faqRoute.js": {"path":"/Users/tanmaykhandelwal/codes/E-commerce-Website/backend/routes/faqRoute.js","statementMap":{"0":{"start":{"line":5,"column":18},"end":{"line":5,"column":34}},"1":{"start":{"line":7,"column":0},"end":{"line":7,"column":39}}},"fnMap":{},"branchMap":{},"s":{"0":4,"1":4},"f":{},"b":{},"_coverageSchema":"1a1c01bbd47fc00a2c39e90264f33305004495a9","hash":"0a41d137d4ad3a97a7b75d98cf88f9874da1ba62"}
,"/Users/tanmaykhandelwal/codes/E-commerce-Website/backend/routes/orderRoute.js": {"path":"/Users/tanmaykhandelwal/codes/E-commerce-Website/backend/routes/orderRoute.js","statementMap":{"0":{"start":{"line":6,"column":20},"end":{"line":6,"column":36}},"1":{"start":{"line":9,"column":0},"end":{"line":9,"column":45}},"2":{"start":{"line":10,"column":0},"end":{"line":10,"column":50}},"3":{"start":{"line":13,"column":0},"end":{"line":13,"column":46}},"4":{"start":{"line":14,"column":0},"end":{"line":14,"column":55}},"5":{"start":{"line":15,"column":0},"end":{"line":15,"column":57}},"6":{"start":{"line":18,"column":0},"end":{"line":18,"column":50}},"7":{"start":{"line":21,"column":0},"end":{"line":21,"column":55}},"8":{"start":{"line":22,"column":0},"end":{"line":22,"column":59}},"9":{"start":{"line":23,"column":0},"end":{"line":23,"column":48}}},"fnMap":{},"branchMap":{},"s":{"0":4,"1":4,"2":4,"3":4,"4":4,"5":4,"6":4,"7":4,"8":4,"9":4},"f":{},"b":{},"_coverageSchema":"1a1c01bbd47fc00a2c39e90264f33305004495a9","hash":"e5393a02ea0fd6e15444180ed27330b47d91ad29"}
,"/Users/tanmaykhandelwal/codes/E-commerce-Website/backend/routes/productRoute.js": {"path":"/Users/tanmaykhandelwal/codes/E-commerce-Website/backend/routes/productRoute.js","statementMap":{"0":{"start":{"line":6,"column":22},"end":{"line":6,"column":38}},"1":{"start":{"line":8,"column":0},"end":{"line":8,"column":173}},"2":{"start":{"line":9,"column":0},"end":{"line":9,"column":54}},"3":{"start":{"line":10,"column":0},"end":{"line":10,"column":44}},"4":{"start":{"line":11,"column":0},"end":{"line":11,"column":40}}},"fnMap":{},"branchMap":{},"s":{"0":4,"1":4,"2":4,"3":4,"4":4},"f":{},"b":{},"_coverageSchema":"1a1c01bbd47fc00a2c39e90264f33305004495a9","hash":"e2d54f19bcf5a733784f9dbe48c4e1c084426cb2"}
,"/Users/tanmaykhandelwal/codes/E-commerce-Website/backend/routes/reviewRoute.js": {"path":"/Users/tanmaykhandelwal/codes/E-commerce-Website/backend/routes/reviewRoute.js","statementMap":{"0":{"start":{"line":12,"column":21},"end":{"line":12,"column":37}},"1":{"start":{"line":15,"column":0},"end":{"line":15,"column":47}},"2":{"start":{"line":16,"column":0},"end":{"line":16,"column":53}},"3":{"start":{"line":17,"column":0},"end":{"line":17,"column":53}},"4":{"start":{"line":20,"column":0},"end":{"line":20,"column":40}},"5":{"start":{"line":21,"column":0},"end":{"line":21,"column":43}}},"fnMap":{},"branchMap":{},"s":{"0":4,"1":4,"2":4,"3":4,"4":4,"5":4},"f":{},"b":{},"_coverageSchema":"1a1c01bbd47fc00a2c39e90264f33305004495a9","hash":"8ef72582ccf497eb1bdf6d56b1660ab666fafed4"}
,"/Users/tanmaykhandelwal/codes/E-commerce-Website/backend/routes/userRoute.js": {"path":"/Users/tanmaykhandelwal/codes/E-commerce-Website/backend/routes/userRoute.js","statementMap":{"0":{"start":{"line":5,"column":19},"end":{"line":5,"column":35}},"1":{"start":{"line":7,"column":0},"end":{"line":7,"column":42}},"2":{"start":{"line":8,"column":0},"end":{"line":8,"column":36}},"3":{"start":{"line":9,"column":0},"end":{"line":9,"column":37}},"4":{"start":{"line":11,"column":0},"end":{"line":11,"column":51}},"5":{"start":{"line":12,"column":0},"end":{"line":12,"column":52}},"6":{"start":{"line":13,"column":0},"end":{"line":13,"column":60}}},"fnMap":{},"branchMap":{},"s":{"0":4,"1":4,"2":4,"3":4,"4":4,"5":4,"6":4},"f":{},"b":{},"_coverageSchema":"1a1c01bbd47fc00a2c39e90264f33305004495a9","hash":"e08144d59f06b410276236a8d43203361677863d"}
,"/Users/tanmaykhandelwal/codes/E-commerce-Website/backend/routes/wishlistRoute.js": {"path":"/Users/tanmaykhandelwal/codes/E-commerce-Website/backend/routes/wishlistRoute.js","statementMap":{"0":{"start":{"line":5,"column":19},"end":{"line":5,"column":35}},"1":{"start":{"line":7,"column":0},"end":{"line":7,"column":47}},"2":{"start":{"line":9,"column":0},"end":{"line":9,"column":63}},"3":{"start":{"line":10,"column":0},"end":{"line":10,"column":41}}},"fnMap":{},"branchMap":{},"s":{"0":4,"1":4,"2":4,"3":4},"f":{},"b":{},"_coverageSchema":"1a1c01bbd47fc00a2c39e90264f33305004495a9","hash":"03ba5c1e1b00f6eca85ae8b566c148e94b7fe5dc"}
}
