TN:
SF:server.js
FN:42,(anonymous_0)
FN:59,(anonymous_1)
FN:63,(anonymous_2)
FN:64,(anonymous_3)
FN:87,(anonymous_4)
FN:90,(anonymous_5)
FN:96,(anonymous_6)
FN:100,(anonymous_7)
FN:105,(anonymous_8)
FN:106,(anonymous_9)
FN:112,(anonymous_10)
FN:114,(anonymous_11)
FN:139,(anonymous_12)
FNF:13
FNH:1
FNDA:1,(anonymous_0)
FNDA:0,(anonymous_1)
FNDA:0,(anonymous_2)
FNDA:0,(anonymous_3)
FNDA:0,(anonymous_4)
FNDA:0,(anonymous_5)
FNDA:0,(anonymous_6)
FNDA:0,(anonymous_7)
FNDA:0,(anonymous_8)
FNDA:0,(anonymous_9)
FNDA:0,(anonymous_10)
FNDA:0,(anonymous_11)
FNDA:0,(anonymous_12)
DA:20,4
DA:21,4
DA:22,4
DA:23,0
DA:24,0
DA:28,4
DA:29,4
DA:32,4
DA:33,4
DA:34,4
DA:35,4
DA:36,4
DA:37,4
DA:38,4
DA:39,4
DA:42,4
DA:43,1
DA:47,4
DA:48,4
DA:59,4
DA:60,0
DA:63,0
DA:64,0
DA:66,0
DA:69,0
DA:72,0
DA:73,0
DA:85,0
DA:87,4
DA:89,0
DA:90,0
DA:94,0
DA:95,0
DA:96,0
DA:100,0
DA:102,0
DA:105,4
DA:106,0
DA:107,0
DA:108,0
DA:110,0
DA:111,0
DA:112,0
DA:114,0
DA:115,0
DA:120,0
DA:121,0
DA:127,0
DA:128,0
DA:138,4
DA:139,0
LF:51
LH:21
BRDA:21,0,0,4
BRDA:21,0,1,4
BRDA:22,1,0,0
BRDA:22,1,1,4
BRDA:66,2,0,0
BRDA:66,2,1,0
BRDA:72,3,0,0
BRDA:72,3,1,0
BRDA:87,4,0,0
BRDA:90,5,0,0
BRDA:90,5,1,0
BRDA:94,6,0,0
BRDA:94,6,1,0
BRDA:110,7,0,0
BRDA:110,7,1,0
BRDA:120,8,0,0
BRDA:120,8,1,0
BRDA:138,9,0,0
BRDA:138,9,1,4
BRF:19
BRH:4
end_of_record
TN:
SF:config/cloudinary.js
FN:3,(anonymous_0)
FNF:1
FNH:0
FNDA:0,(anonymous_0)
DA:3,4
DA:4,0
LF:2
LH:1
BRF:0
BRH:0
end_of_record
TN:
SF:config/mongodb.js
FN:5,(anonymous_0)
FN:6,(anonymous_1)
FN:10,(anonymous_2)
FNF:3
FNH:0
FNDA:0,(anonymous_0)
FNDA:0,(anonymous_1)
FNDA:0,(anonymous_2)
DA:3,4
DA:5,4
DA:6,0
DA:7,0
DA:10,0
DA:11,0
DA:14,0
DA:15,0
DA:17,0
DA:18,0
LF:10
LH:2
BRF:0
BRH:0
end_of_record
TN:
SF:controllers/cartController.js
FN:86,(anonymous_0)
FN:124,(anonymous_1)
FN:165,(anonymous_2)
FNF:3
FNH:0
FNDA:0,(anonymous_0)
FNDA:0,(anonymous_1)
FNDA:0,(anonymous_2)
DA:86,3
DA:87,0
DA:88,0
DA:89,0
DA:91,0
DA:92,0
DA:93,0
DA:98,0
DA:100,0
DA:101,0
DA:102,0
DA:105,0
DA:108,0
DA:110,0
DA:112,0
DA:118,0
DA:119,0
DA:124,3
DA:125,0
DA:126,0
DA:127,0
DA:129,0
DA:130,0
DA:131,0
DA:136,0
DA:138,0
DA:143,0
DA:146,0
DA:149,0
DA:151,0
DA:153,0
DA:159,0
DA:160,0
DA:165,3
DA:166,0
DA:167,0
DA:168,0
DA:170,0
DA:171,0
DA:176,0
DA:178,0
LF:41
LH:3
BRDA:92,0,0,0
BRDA:92,0,1,0
BRDA:98,1,0,0
BRDA:98,1,1,0
BRDA:100,2,0,0
BRDA:100,2,1,0
BRDA:101,3,0,0
BRDA:101,3,1,0
BRDA:103,4,0,0
BRDA:103,4,1,0
BRDA:130,5,0,0
BRDA:130,5,1,0
BRDA:136,6,0,0
BRDA:136,6,1,0
BRDA:138,7,0,0
BRDA:138,7,1,0
BRDA:139,8,0,0
BRDA:139,8,1,0
BRDA:139,8,2,0
BRDA:170,9,0,0
BRDA:170,9,1,0
BRDA:176,10,0,0
BRDA:176,10,1,0
BRF:23
BRH:0
end_of_record
TN:
SF:controllers/contactController.js
FN:4,(anonymous_0)
FN:31,(anonymous_1)
FNF:2
FNH:0
FNDA:0,(anonymous_0)
FNDA:0,(anonymous_1)
DA:4,4
DA:5,0
DA:6,0
DA:7,0
DA:8,0
DA:13,0
DA:19,0
DA:25,0
DA:26,0
DA:31,4
DA:32,0
DA:33,0
DA:34,0
DA:36,0
DA:37,0
LF:15
LH:2
BRDA:7,0,0,0
BRDA:7,0,1,0
BRDA:7,1,0,0
BRDA:7,1,1,0
BRDA:7,1,2,0
BRDA:7,1,3,0
BRF:6
BRH:0
end_of_record
TN:
SF:controllers/faqController.js
FN:3,(anonymous_0)
FN:11,(anonymous_1)
FN:12,(anonymous_2)
FNF:3
FNH:0
FNDA:0,(anonymous_0)
FNDA:0,(anonymous_1)
FNDA:0,(anonymous_2)
DA:3,4
DA:4,0
DA:5,0
DA:6,0
DA:8,0
DA:11,0
DA:12,0
DA:15,0
DA:16,0
DA:18,0
LF:10
LH:1
BRDA:5,0,0,0
BRDA:5,0,1,0
BRDA:15,1,0,0
BRDA:15,1,1,0
BRF:4
BRH:0
end_of_record
TN:
SF:controllers/orderController.js
FN:48,(anonymous_0)
FN:89,(anonymous_1)
FN:106,(anonymous_2)
FN:139,(anonymous_3)
FN:164,(anonymous_4)
FN:193,(anonymous_5)
FN:206,(anonymous_6)
FN:251,(anonymous_7)
FN:290,(anonymous_8)
FN:312,(anonymous_9)
FN:328,(anonymous_10)
FN:339,(anonymous_11)
FN:351,(anonymous_12)
FNF:13
FNH:0
FNDA:0,(anonymous_0)
FNDA:0,(anonymous_1)
FNDA:0,(anonymous_2)
FNDA:0,(anonymous_3)
FNDA:0,(anonymous_4)
FNDA:0,(anonymous_5)
FNDA:0,(anonymous_6)
FNDA:0,(anonymous_7)
FNDA:0,(anonymous_8)
FNDA:0,(anonymous_9)
FNDA:0,(anonymous_10)
FNDA:0,(anonymous_11)
FNDA:0,(anonymous_12)
DA:10,4
DA:11,4
DA:14,4
DA:15,4
DA:48,4
DA:49,0
DA:50,0
DA:51,0
DA:53,0
DA:56,0
DA:57,0
DA:58,0
DA:59,0
DA:60,0
DA:63,0
DA:73,0
DA:74,0
DA:76,0
DA:79,0
DA:81,0
DA:83,0
DA:84,0
DA:89,4
DA:90,0
DA:91,0
DA:92,0
DA:94,0
DA:103,0
DA:104,0
DA:106,0
DA:115,0
DA:124,0
DA:131,0
DA:133,0
DA:134,0
DA:139,4
DA:140,0
DA:141,0
DA:142,0
DA:143,0
DA:144,0
DA:145,0
DA:146,0
DA:148,0
DA:149,0
DA:150,0
DA:151,0
DA:152,0
DA:154,0
DA:155,0
DA:158,0
DA:159,0
DA:164,4
DA:165,0
DA:166,0
DA:167,0
DA:169,0
DA:170,0
DA:171,0
DA:172,0
DA:173,0
DA:176,0
DA:185,0
DA:186,0
DA:188,0
DA:193,0
DA:194,0
DA:195,0
DA:196,0
DA:198,0
DA:201,0
DA:202,0
DA:206,4
DA:207,0
DA:209,0
DA:210,0
DA:212,0
DA:213,0
DA:214,0
DA:215,0
DA:216,0
DA:219,0
DA:222,0
DA:223,0
DA:224,0
DA:226,0
DA:228,0
DA:233,0
DA:236,0
DA:238,0
DA:240,0
DA:246,0
DA:247,0
DA:251,4
DA:252,0
DA:253,0
DA:254,0
DA:256,0
DA:258,0
DA:259,0
DA:263,0
DA:264,0
DA:268,0
DA:269,0
DA:276,0
DA:277,0
DA:278,0
DA:279,0
DA:282,0
DA:284,0
DA:286,0
DA:287,0
DA:290,4
DA:291,0
DA:292,0
DA:300,0
DA:312,0
DA:321,0
DA:323,0
DA:328,4
DA:329,0
DA:330,0
DA:331,0
DA:333,0
DA:334,0
DA:339,4
DA:340,0
DA:341,0
DA:342,0
DA:343,0
DA:345,0
DA:346,0
DA:351,4
DA:352,0
DA:353,0
DA:355,0
DA:356,0
DA:358,0
DA:359,0
LF:139
LH:14
BRDA:57,0,0,0
BRDA:57,0,1,0
BRDA:143,1,0,0
BRDA:143,1,1,0
BRDA:149,2,0,0
BRDA:149,2,1,0
BRDA:170,3,0,0
BRDA:170,3,1,0
BRDA:194,4,0,0
BRDA:194,4,1,0
BRDA:213,5,0,0
BRDA:213,5,1,0
BRDA:226,6,0,0
BRDA:226,6,1,0
BRDA:258,7,0,0
BRDA:258,7,1,0
BRDA:263,8,0,0
BRDA:263,8,1,0
BRDA:268,9,0,0
BRDA:268,9,1,0
BRDA:278,10,0,0
BRDA:278,10,1,0
BRDA:278,11,0,0
BRDA:278,11,1,0
BRF:24
BRH:0
end_of_record
TN:
SF:controllers/productController.js
FN:5,(anonymous_0)
FN:24,(anonymous_1)
FN:28,(anonymous_2)
FN:60,(anonymous_3)
FN:71,(anonymous_4)
FN:82,(anonymous_5)
FNF:6
FNH:0
FNDA:0,(anonymous_0)
FNDA:0,(anonymous_1)
FNDA:0,(anonymous_2)
FNDA:0,(anonymous_3)
FNDA:0,(anonymous_4)
FNDA:0,(anonymous_5)
DA:5,3
DA:6,0
DA:16,0
DA:18,0
DA:19,0
DA:20,0
DA:21,0
DA:23,0
DA:24,0
DA:27,0
DA:29,0
DA:32,0
DA:36,0
DA:49,0
DA:50,0
DA:52,0
DA:54,0
DA:55,0
DA:60,3
DA:61,0
DA:62,0
DA:63,0
DA:65,0
DA:66,0
DA:71,3
DA:72,0
DA:73,0
DA:74,0
DA:76,0
DA:77,0
DA:82,3
DA:83,0
DA:84,0
DA:85,0
DA:86,0
DA:88,0
DA:89,0
LF:37
LH:4
BRDA:18,0,0,0
BRDA:18,0,1,0
BRDA:19,1,0,0
BRDA:19,1,1,0
BRDA:20,2,0,0
BRDA:20,2,1,0
BRDA:21,3,0,0
BRDA:21,3,1,0
BRDA:42,4,0,0
BRDA:42,4,1,0
BRF:10
BRH:0
end_of_record
TN:
SF:controllers/reviewController.js
FN:4,(anonymous_0)
FN:29,(anonymous_1)
FN:62,(anonymous_2)
FN:76,(anonymous_3)
FN:108,(anonymous_4)
FNF:5
FNH:0
FNDA:0,(anonymous_0)
FNDA:0,(anonymous_1)
FNDA:0,(anonymous_2)
FNDA:0,(anonymous_3)
FNDA:0,(anonymous_4)
DA:4,4
DA:5,0
DA:6,0
DA:8,0
DA:9,0
DA:15,0
DA:22,0
DA:24,0
DA:26,0
DA:29,4
DA:30,0
DA:31,0
DA:33,0
DA:34,0
DA:41,0
DA:45,0
DA:46,0
DA:52,0
DA:53,0
DA:54,0
DA:56,0
DA:58,0
DA:62,4
DA:63,0
DA:64,0
DA:65,0
DA:68,0
DA:70,0
DA:71,0
DA:76,4
DA:77,0
DA:78,0
DA:80,0
DA:81,0
DA:87,0
DA:92,0
DA:93,0
DA:99,0
DA:101,0
DA:103,0
DA:104,0
DA:108,4
DA:109,0
DA:110,0
DA:111,0
DA:114,0
DA:116,0
DA:117,0
LF:48
LH:5
BRDA:8,0,0,0
BRDA:8,0,1,0
BRDA:8,1,0,0
BRDA:8,1,1,0
BRDA:8,1,2,0
BRDA:33,2,0,0
BRDA:33,2,1,0
BRDA:33,3,0,0
BRDA:33,3,1,0
BRDA:33,3,2,0
BRDA:45,4,0,0
BRDA:45,4,1,0
BRDA:80,5,0,0
BRDA:80,5,1,0
BRDA:92,6,0,0
BRDA:92,6,1,0
BRF:16
BRH:0
end_of_record
TN:
SF:controllers/userController.js
FN:6,(anonymous_0)
FN:10,(anonymous_1)
FN:34,(anonymous_2)
FN:80,(anonymous_3)
FN:112,(anonymous_4)
FN:130,(anonymous_5)
FN:149,(anonymous_6)
FNF:7
FNH:0
FNDA:0,(anonymous_0)
FNDA:0,(anonymous_1)
FNDA:0,(anonymous_2)
FNDA:0,(anonymous_3)
FNDA:0,(anonymous_4)
FNDA:0,(anonymous_5)
FNDA:0,(anonymous_6)
DA:6,3
DA:7,0
DA:10,3
DA:11,0
DA:12,0
DA:13,0
DA:15,0
DA:16,0
DA:19,0
DA:21,0
DA:22,0
DA:23,0
DA:25,0
DA:28,0
DA:29,0
DA:34,3
DA:35,0
DA:36,0
DA:39,0
DA:40,0
DA:41,0
DA:45,0
DA:46,0
DA:51,0
DA:52,0
DA:59,0
DA:60,0
DA:62,0
DA:68,0
DA:70,0
DA:72,0
DA:74,0
DA:75,0
DA:80,3
DA:81,0
DA:82,0
DA:83,0
DA:88,0
DA:89,0
DA:90,0
DA:96,0
DA:104,0
DA:106,0
DA:107,0
DA:112,3
DA:113,0
DA:114,0
DA:115,0
DA:119,0
DA:120,0
DA:122,0
DA:125,0
DA:126,0
DA:130,3
DA:131,0
DA:132,0
DA:133,0
DA:138,0
DA:139,0
DA:140,0
DA:142,0
DA:144,0
DA:145,0
DA:149,3
DA:150,0
DA:151,0
DA:152,0
DA:154,0
DA:155,0
DA:156,0
DA:160,0
DA:161,0
DA:162,0
DA:166,0
DA:167,0
DA:168,0
DA:170,0
DA:172,0
LF:78
LH:7
BRDA:15,0,0,0
BRDA:15,0,1,0
BRDA:21,1,0,0
BRDA:21,1,1,0
BRDA:40,2,0,0
BRDA:40,2,1,0
BRDA:45,3,0,0
BRDA:45,3,1,0
BRDA:51,4,0,0
BRDA:51,4,1,0
BRDA:82,5,0,0
BRDA:82,5,1,0
BRDA:82,6,0,0
BRDA:82,6,1,0
BRDA:89,7,0,0
BRDA:89,7,1,0
BRDA:89,8,0,0
BRDA:89,8,1,0
BRDA:115,9,0,0
BRDA:115,9,1,0
BRDA:116,10,0,0
BRDA:116,10,1,0
BRDA:132,11,0,0
BRDA:132,11,1,0
BRDA:132,12,0,0
BRDA:132,12,1,0
BRDA:139,13,0,0
BRDA:139,13,1,0
BRDA:155,14,0,0
BRDA:155,14,1,0
BRDA:161,15,0,0
BRDA:161,15,1,0
BRF:32
BRH:0
end_of_record
TN:
SF:controllers/wishlistController.js
FN:5,(anonymous_0)
FN:39,(anonymous_1)
FN:53,(anonymous_2)
FN:71,(anonymous_3)
FNF:4
FNH:0
FNDA:0,(anonymous_0)
FNDA:0,(anonymous_1)
FNDA:0,(anonymous_2)
FNDA:0,(anonymous_3)
DA:5,4
DA:6,0
DA:7,0
DA:8,0
DA:10,0
DA:11,0
DA:14,0
DA:15,0
DA:16,0
DA:18,0
DA:19,0
DA:22,0
DA:23,0
DA:26,0
DA:28,0
DA:34,0
DA:39,4
DA:40,0
DA:41,0
DA:42,0
DA:44,0
DA:45,0
DA:48,0
DA:49,0
DA:50,0
DA:52,0
DA:53,0
DA:55,0
DA:58,0
DA:60,0
DA:66,0
DA:71,4
DA:72,0
DA:73,0
DA:75,0
DA:76,0
DA:77,0
DA:79,0
DA:81,0
LF:39
LH:3
BRDA:10,0,0,0
BRDA:10,0,1,0
BRDA:15,1,0,0
BRDA:15,1,1,0
BRDA:18,2,0,0
BRDA:18,2,1,0
BRDA:44,3,0,0
BRDA:44,3,1,0
BRDA:49,4,0,0
BRDA:49,4,1,0
BRDA:76,5,0,0
BRDA:76,5,1,0
BRF:12
BRH:0
end_of_record
TN:
SF:data/faqData.js
FNF:0
FNH:0
DA:1,4
LF:1
LH:1
BRF:0
BRH:0
end_of_record
TN:
SF:middleware/adminAuth.js
FN:3,(anonymous_0)
FNF:1
FNH:0
FNDA:0,(anonymous_0)
DA:3,4
DA:4,0
DA:5,0
DA:6,0
DA:7,0
DA:13,0
DA:14,0
DA:17,0
DA:18,0
DA:24,0
DA:26,0
DA:27,0
LF:12
LH:1
BRDA:6,0,0,0
BRDA:6,0,1,0
BRDA:6,1,0,0
BRDA:6,1,1,0
BRDA:17,2,0,0
BRDA:17,2,1,0
BRF:6
BRH:0
end_of_record
TN:
SF:middleware/auth.js
FN:3,(anonymous_0)
FNF:1
FNH:0
FNDA:0,(anonymous_0)
DA:3,3
DA:4,0
DA:5,0
DA:6,0
DA:7,0
DA:15,0
DA:16,0
DA:18,0
DA:19,0
DA:21,0
LF:10
LH:1
BRDA:6,0,0,0
BRDA:6,0,1,0
BRDA:26,1,0,0
BRDA:26,1,1,0
BRF:4
BRH:0
end_of_record
TN:
SF:middleware/multer.js
FN:4,(anonymous_0)
FNF:1
FNH:0
FNDA:0,(anonymous_0)
DA:3,4
DA:5,0
DA:9,4
LF:3
LH:2
BRF:0
BRH:0
end_of_record
TN:
SF:models/contactModel.js
FNF:0
FNH:0
DA:3,4
DA:11,4
LF:2
LH:2
BRDA:11,0,0,4
BRDA:11,0,1,4
BRF:2
BRH:2
end_of_record
TN:
SF:models/orderModel.js
FNF:0
FNH:0
DA:3,4
DA:17,4
LF:2
LH:2
BRDA:17,0,0,4
BRDA:17,0,1,4
BRF:2
BRH:2
end_of_record
TN:
SF:models/productModel.js
FNF:0
FNH:0
DA:3,4
DA:16,4
LF:2
LH:2
BRDA:16,0,0,4
BRDA:16,0,1,4
BRF:2
BRH:2
end_of_record
TN:
SF:models/reviewModel.js
FNF:0
FNH:0
DA:3,4
DA:21,4
LF:2
LH:2
BRDA:21,0,0,4
BRDA:21,0,1,4
BRF:2
BRH:2
end_of_record
TN:
SF:models/userModel.js
FNF:0
FNH:0
DA:3,4
DA:15,4
LF:2
LH:2
BRDA:15,0,0,4
BRDA:15,0,1,4
BRF:2
BRH:2
end_of_record
TN:
SF:routes/cartRoute.js
FNF:0
FNH:0
DA:5,4
DA:7,4
DA:8,4
DA:9,4
LF:4
LH:4
BRF:0
BRH:0
end_of_record
TN:
SF:routes/contactRoute.js
FNF:0
FNH:0
DA:7,4
DA:10,4
DA:13,4
LF:3
LH:3
BRF:0
BRH:0
end_of_record
TN:
SF:routes/faqRoute.js
FNF:0
FNH:0
DA:5,4
DA:7,4
LF:2
LH:2
BRF:0
BRH:0
end_of_record
TN:
SF:routes/orderRoute.js
FNF:0
FNH:0
DA:6,4
DA:9,4
DA:10,4
DA:13,4
DA:14,4
DA:15,4
DA:18,4
DA:21,4
DA:22,4
DA:23,4
LF:10
LH:10
BRF:0
BRH:0
end_of_record
TN:
SF:routes/productRoute.js
FNF:0
FNH:0
DA:6,4
DA:8,4
DA:9,4
DA:10,4
DA:11,4
LF:5
LH:5
BRF:0
BRH:0
end_of_record
TN:
SF:routes/reviewRoute.js
FNF:0
FNH:0
DA:12,4
DA:15,4
DA:16,4
DA:17,4
DA:20,4
DA:21,4
LF:6
LH:6
BRF:0
BRH:0
end_of_record
TN:
SF:routes/userRoute.js
FNF:0
FNH:0
DA:5,4
DA:7,4
DA:8,4
DA:9,4
DA:11,4
DA:12,4
DA:13,4
LF:7
LH:7
BRF:0
BRH:0
end_of_record
TN:
SF:routes/wishlistRoute.js
FNF:0
FNH:0
DA:5,4
DA:7,4
DA:9,4
DA:10,4
LF:4
LH:4
BRF:0
BRH:0
end_of_record
